#
# There is insufficient memory for the Java Runtime Environment to continue.
# Native memory allocation (malloc) failed to allocate 2276656 bytes for Chunk::new
# Possible reasons:
#   The system is out of physical RAM or swap space
#   The process is running with CompressedOops enabled, and the Java Heap may be blocking the growth of the native heap
# Possible solutions:
#   Reduce memory load on the system
#   Increase physical memory or swap space
#   Check if swap backing store is full
#   Decrease Java heap size (-Xmx/-Xms)
#   Decrease number of Java threads
#   Decrease Java thread stack sizes (-Xss)
#   Set larger code cache with -XX:ReservedCodeCacheSize=
#   JVM is running with Unscaled Compressed Oops mode in which the Java heap is
#     placed in the first 4GB address space. The Java Heap base address is the
#     maximum limit for the native heap growth. Please use -XX:HeapBaseMinAddress
#     to set the Java Heap base and to place the Java Heap above 4GB virtual address.
# This output file may be truncated or incomplete.
#
#  Out of Memory Error (./src/hotspot/share/memory/arena.cpp:197), pid=7628, tid=21396
#
# JRE version: OpenJDK Runtime Environment (11.0.8+10) (build 11.0.8+10-b944.6842174)
# Java VM: OpenJDK 64-Bit Server VM (11.0.8+10-b944.6842174, mixed mode, tiered, compressed oops, g1 gc, windows-amd64)
# No core dump will be written. Minidumps are not enabled by default on client versions of Windows
#

---------------  S U M M A R Y ------------

Command Line: --add-opens=java.base/java.util=ALL-UNNAMED --add-opens=java.base/java.lang=ALL-UNNAMED --add-opens=java.base/java.lang.invoke=ALL-UNNAMED --add-opens=java.prefs/java.util.prefs=ALL-UNNAMED -Xmx2048m -Dfile.encoding=UTF-8 -Duser.country=US -Duser.language=en -Duser.variant org.gradle.launcher.daemon.bootstrap.GradleDaemon 6.7.1

Host: Intel(R) Core(TM) i7-4770 CPU @ 3.40GHz, 8 cores, 7G,  Windows 10 , 64 bit Build 19041 (10.0.19041.928)
Time: Sun May 30 16:28:26 2021 Pacific Daylight Time elapsed time: 207 seconds (0d 0h 3m 27s)

---------------  T H R E A D  ---------------

Current thread (0x000001f268870800):  JavaThread "C2 CompilerThread2" daemon [_thread_in_native, id=21396, stack(0x00000046d8a00000,0x00000046d8b00000)]


Current CompileTask:
C2: 207091 15169   !   4       java.io.ObjectOutputStream::writeObject0 (619 bytes)

Stack: [0x00000046d8a00000,0x00000046d8b00000]
Native frames: (J=compiled Java code, j=interpreted, Vv=VM code, C=native code)
V  [jvm.dll+0x5de50a]
V  [jvm.dll+0x7122f5]
V  [jvm.dll+0x71384d]
V  [jvm.dll+0x713f03]
V  [jvm.dll+0x23e728]
V  [jvm.dll+0xb899c]
V  [jvm.dll+0xb8e9c]
V  [jvm.dll+0x35020b]
V  [jvm.dll+0x31dea3]
V  [jvm.dll+0x31d39a]
V  [jvm.dll+0x1f7702]
V  [jvm.dll+0x1f68d4]
V  [jvm.dll+0x17f32c]
V  [jvm.dll+0x205047]
V  [jvm.dll+0x203891]
V  [jvm.dll+0x6dad3f]
V  [jvm.dll+0x6d3895]
V  [jvm.dll+0x5dd4a6]
C  [ucrtbase.dll+0x21bb2]
C  [KERNEL32.DLL+0x17034]
C  [ntdll.dll+0x52651]


---------------  P R O C E S S  ---------------

Threads class SMR info:
_java_thread_list=0x000001f2697c1ca0, length=154, elements={
0x000001f248cfa000, 0x000001f2637d2000, 0x000001f2637d3000, 0x000001f264152800,
0x000001f2637e9800, 0x000001f2637ea800, 0x000001f2637fc000, 0x000001f2637fd800,
0x000001f2642a7000, 0x000001f2642b2000, 0x000001f26627c800, 0x000001f2663ed000,
0x000001f265a80000, 0x000001f26644e000, 0x000001f26644a000, 0x000001f266448000,
0x000001f26644d000, 0x000001f266e88000, 0x000001f268876800, 0x000001f26669f000,
0x000001f26669b800, 0x000001f26669e000, 0x000001f2666a1800, 0x000001f26886b000,
0x000001f26886d800, 0x000001f266752000, 0x000001f26886b800, 0x000001f26886c800,
0x000001f26886e000, 0x000001f26886f000, 0x000001f26886a000, 0x000001f268869800,
0x000001f268875800, 0x000001f268870000, 0x000001f268874800, 0x000001f268873000,
0x000001f268870800, 0x000001f268877000, 0x000001f268871800, 0x000001f268874000,
0x000001f268878000, 0x000001f268872800, 0x000001f266e8a000, 0x000001f266e8a800,
0x000001f266e86800, 0x000001f266e8b800, 0x000001f266e87800, 0x000001f266e85800,
0x000001f266e90800, 0x000001f266e8e000, 0x000001f266e8f800, 0x000001f266e8c800,
0x000001f266e8e800, 0x000001f266e8d000, 0x000001f266e91000, 0x000001f266e93000,
0x000001f266e93800, 0x000001f266e94800, 0x000001f266e92000, 0x000001f26669f800,
0x000001f2666a0800, 0x000001f26669c800, 0x000001f26669b000, 0x000001f2666a2000,
0x000001f2666a3000, 0x000001f26669d000, 0x000001f2666a5800, 0x000001f2666a9800,
0x000001f2666a4000, 0x000001f2666a4800, 0x000001f2666a6000, 0x000001f2666a8000,
0x000001f2666a7000, 0x000001f2666a8800, 0x000001f26644b800, 0x000001f26644c800,
0x000001f26644e800, 0x000001f26644a800, 0x000001f266449000, 0x000001f266c71800,
0x000001f266c70000, 0x000001f266c75800, 0x000001f266c76800, 0x000001f266c70800,
0x000001f266c78000, 0x000001f266c73000, 0x000001f266c77000, 0x000001f266c74000,
0x000001f266c74800, 0x000001f266c72000, 0x000001f266c7e800, 0x000001f266c7c000,
0x000001f266c7d800, 0x000001f266c79000, 0x000001f266c7b000, 0x000001f266c7d000,
0x000001f266c79800, 0x000001f266c7a800, 0x000001f26ee6a000, 0x000001f26ee6b800,
0x000001f26ee6f000, 0x000001f26ee6b000, 0x000001f26ee6d800, 0x000001f26ee69000,
0x000001f26ee70000, 0x000001f26ee72000, 0x000001f26ee6e000, 0x000001f26ee71800,
0x000001f26ee6c800, 0x000001f26ee73000, 0x000001f26ee76800, 0x000001f26ee74000,
0x000001f26ee74800, 0x000001f26ee75800, 0x000001f26ee70800, 0x000001f26ee77000,
0x000001f26ee78000, 0x000001f26df11000, 0x000001f26df0e000, 0x000001f26df12000,
0x000001f26df0d000, 0x000001f26df0f800, 0x000001f26df10800, 0x000001f26df0e800,
0x000001f26df0c800, 0x000001f26df17800, 0x000001f26df13000, 0x000001f26df13800,
0x000001f26df14800, 0x000001f26df18800, 0x000001f26df19800, 0x000001f26df1a000,
0x000001f26df1b000, 0x000001f26df15000, 0x000001f26df16000, 0x000001f26df17000,
0x000001f26f168800, 0x000001f26f165000, 0x000001f26f166800, 0x000001f26f167800,
0x000001f26f163800, 0x000001f26f166000, 0x000001f26f162800, 0x000001f26f169000,
0x000001f26f16a000, 0x000001f26f164000, 0x000001f26f16c800, 0x000001f26f16e000,
0x000001f26f170800, 0x000001f26f16b800, 0x000001f26f16b000, 0x000001f26f16f800,
0x000001f26f16d000, 0x000001f26f171800
}

Java Threads: ( => current thread )
  0x000001f248cfa000 JavaThread "main" [_thread_blocked, id=23072, stack(0x00000046d5f00000,0x00000046d6000000)]
  0x000001f2637d2000 JavaThread "Reference Handler" daemon [_thread_blocked, id=3924, stack(0x00000046d6600000,0x00000046d6700000)]
  0x000001f2637d3000 JavaThread "Finalizer" daemon [_thread_blocked, id=17740, stack(0x00000046d6700000,0x00000046d6800000)]
  0x000001f264152800 JavaThread "Signal Dispatcher" daemon [_thread_blocked, id=22252, stack(0x00000046d6800000,0x00000046d6900000)]
  0x000001f2637e9800 JavaThread "Attach Listener" daemon [_thread_blocked, id=19424, stack(0x00000046d6900000,0x00000046d6a00000)]
  0x000001f2637ea800 JavaThread "C2 CompilerThread0" daemon [_thread_in_native, id=988, stack(0x00000046d6a00000,0x00000046d6b00000)]
  0x000001f2637fc000 JavaThread "C1 CompilerThread0" daemon [_thread_blocked, id=16480, stack(0x00000046d6b00000,0x00000046d6c00000)]
  0x000001f2637fd800 JavaThread "Sweeper thread" daemon [_thread_blocked, id=9448, stack(0x00000046d6c00000,0x00000046d6d00000)]
  0x000001f2642a7000 JavaThread "Common-Cleaner" daemon [_thread_blocked, id=20532, stack(0x00000046d6d00000,0x00000046d6e00000)]
  0x000001f2642b2000 JavaThread "Service Thread" daemon [_thread_blocked, id=11172, stack(0x00000046d6e00000,0x00000046d6f00000)]
  0x000001f26627c800 JavaThread "Daemon health stats" [_thread_blocked, id=24860, stack(0x00000046d7400000,0x00000046d7500000)]
  0x000001f2663ed000 JavaThread "Incoming local TCP Connector on port 54834" [_thread_in_native, id=25448, stack(0x00000046d7500000,0x00000046d7600000)]
  0x000001f265a80000 JavaThread "Daemon periodic checks" [_thread_blocked, id=3188, stack(0x00000046d7600000,0x00000046d7700000)]
  0x000001f26644e000 JavaThread "Cache worker for file hash cache (C:\Users\Jared\.gradle\caches\6.7.1\fileHashes)" [_thread_blocked, id=24228, stack(0x00000046d8300000,0x00000046d8400000)]
  0x000001f26644a000 JavaThread "File lock request listener" [_thread_in_native, id=18480, stack(0x00000046d8400000,0x00000046d8500000)]
  0x000001f266448000 JavaThread "Cache worker for journal cache (C:\Users\Jared\.gradle\caches\journal-1)" [_thread_blocked, id=19068, stack(0x00000046d8600000,0x00000046d8700000)]
  0x000001f26644d000 JavaThread "Cache worker for execution history cache (C:\Users\Jared\.gradle\caches\6.7.1\executionHistory)" [_thread_blocked, id=23220, stack(0x00000046d8d00000,0x00000046d8e00000)]
  0x000001f266e88000 JavaThread "Cache worker for file content cache (C:\Users\Jared\.gradle\caches\6.7.1\fileContent)" [_thread_blocked, id=20604, stack(0x00000046d8f00000,0x00000046d9000000)]
  0x000001f268876800 JavaThread "Memory manager" [_thread_blocked, id=24972, stack(0x00000046dfb00000,0x00000046dfc00000)]
  0x000001f26669f000 JavaThread "ForkJoinPool.commonPool-worker-3" daemon [_thread_blocked, id=6012, stack(0x00000046e0a00000,0x00000046e0b00000)]
  0x000001f26669b800 JavaThread "ForkJoinPool.commonPool-worker-9" daemon [_thread_blocked, id=18072, stack(0x00000046e0d00000,0x00000046e0e00000)]
  0x000001f26669e000 JavaThread "ForkJoinPool.commonPool-worker-15" daemon [_thread_blocked, id=7704, stack(0x00000046e0f00000,0x00000046e1000000)]
  0x000001f2666a1800 JavaThread "ForkJoinPool.commonPool-worker-13" daemon [_thread_blocked, id=22804, stack(0x00000046e1000000,0x00000046e1100000)]
  0x000001f26886b000 JavaThread "Daemon Thread 2" [_thread_blocked, id=25152, stack(0x00000046d5c00000,0x00000046d5d00000)]
  0x000001f26886d800 JavaThread "Handler for socket connection from /127.0.0.1:54834 to /127.0.0.1:55039" [_thread_in_native, id=1264, stack(0x00000046d5d00000,0x00000046d5e00000)]
  0x000001f266752000 JavaThread "C2 CompilerThread1" daemon [_thread_in_native, id=3060, stack(0x00000046d5e00000,0x00000046d5f00000)]
  0x000001f26886b800 JavaThread "Cancel handler" [_thread_blocked, id=24372, stack(0x00000046d7700000,0x00000046d7800000)]
  0x000001f26886c800 JavaThread "Daemon worker Thread 2" [_thread_blocked, id=16608, stack(0x00000046d7800000,0x00000046d7900000)]
  0x000001f26886e000 JavaThread "Asynchronous log dispatcher for DefaultDaemonConnection: socket connection from /127.0.0.1:54834 to /127.0.0.1:55039" [_thread_blocked, id=4920, stack(0x00000046d7900000,0x00000046d7a00000)]
  0x000001f26886f000 JavaThread "Stdin handler" [_thread_blocked, id=23836, stack(0x00000046d7a00000,0x00000046d7b00000)]
  0x000001f26886a000 JavaThread "Thread-200" [_thread_blocked, id=23484, stack(0x00000046d7b00000,0x00000046d7c00000)]
  0x000001f268869800 JavaThread "Cache worker for file hash cache (C:\Users\Jared\AndroidStudioProjects\dndv2\.gradle\6.7.1\fileHashes)" [_thread_blocked, id=16616, stack(0x00000046d7c00000,0x00000046d7d00000)]
  0x000001f268875800 JavaThread "Cache worker for checksums cache (C:\Users\Jared\AndroidStudioProjects\dndv2\.gradle\checksums)" [_thread_blocked, id=9248, stack(0x00000046d7d00000,0x00000046d7e00000)]
  0x000001f268870000 JavaThread "Cache worker for cache directory md-supplier (C:\Users\Jared\.gradle\caches\6.7.1\md-supplier)" [_thread_blocked, id=21056, stack(0x00000046d8700000,0x00000046d8800000)]
  0x000001f268874800 JavaThread "Cache worker for cache directory md-rule (C:\Users\Jared\.gradle\caches\6.7.1\md-rule)" [_thread_blocked, id=21948, stack(0x00000046d8800000,0x00000046d8900000)]
  0x000001f268873000 JavaThread "Cache worker for Build Output Cleanup Cache (C:\Users\Jared\AndroidStudioProjects\dndv2\.gradle\buildOutputCleanup)" [_thread_blocked, id=6668, stack(0x00000046d8900000,0x00000046d8a00000)]
=>0x000001f268870800 JavaThread "C2 CompilerThread2" daemon [_thread_in_native, id=21396, stack(0x00000046d8a00000,0x00000046d8b00000)]
  0x000001f268877000 JavaThread "Build operations" [_thread_blocked, id=25536, stack(0x00000046d8b00000,0x00000046d8c00000)]
  0x000001f268871800 JavaThread "Build operations Thread 2" [_thread_blocked, id=24100, stack(0x00000046d8c00000,0x00000046d8d00000)]
  0x000001f268874000 JavaThread "Build operations Thread 3" [_thread_blocked, id=23288, stack(0x00000046d8e00000,0x00000046d8f00000)]
  0x000001f268878000 JavaThread "Build operations Thread 4" [_thread_blocked, id=13712, stack(0x00000046d9000000,0x00000046d9100000)]
  0x000001f268872800 JavaThread "Build operations Thread 5" [_thread_blocked, id=21820, stack(0x00000046d9100000,0x00000046d9200000)]
  0x000001f266e8a000 JavaThread "Build operations Thread 6" [_thread_blocked, id=18360, stack(0x00000046d9200000,0x00000046d9300000)]
  0x000001f266e8a800 JavaThread "Build operations Thread 7" [_thread_blocked, id=21832, stack(0x00000046d9300000,0x00000046d9400000)]
  0x000001f266e86800 JavaThread "Build operations Thread 8" [_thread_blocked, id=13344, stack(0x00000046d9400000,0x00000046d9500000)]
  0x000001f266e8b800 JavaThread "jar transforms Thread 100" [_thread_blocked, id=10548, stack(0x00000046d9500000,0x00000046d9600000)]
  0x000001f266e87800 JavaThread "jar transforms Thread 101" [_thread_blocked, id=21076, stack(0x00000046d9600000,0x00000046d9700000)]
  0x000001f266e85800 JavaThread "jar transforms Thread 102" [_thread_blocked, id=22452, stack(0x00000046d9700000,0x00000046d9800000)]
  0x000001f266e90800 JavaThread "jar transforms Thread 103" [_thread_blocked, id=17288, stack(0x00000046d9800000,0x00000046d9900000)]
  0x000001f266e8e000 JavaThread "jar transforms Thread 104" [_thread_blocked, id=17256, stack(0x00000046d9900000,0x00000046d9a00000)]
  0x000001f266e8f800 JavaThread "jar transforms Thread 105" [_thread_blocked, id=17504, stack(0x00000046d9a00000,0x00000046d9b00000)]
  0x000001f266e8c800 JavaThread "jar transforms Thread 106" [_thread_blocked, id=19356, stack(0x00000046d9b00000,0x00000046d9c00000)]
  0x000001f266e8e800 JavaThread "jar transforms Thread 107" [_thread_blocked, id=19988, stack(0x00000046d9c00000,0x00000046d9d00000)]
  0x000001f266e8d000 JavaThread "jar transforms Thread 108" [_thread_blocked, id=16496, stack(0x00000046d9d00000,0x00000046d9e00000)]
  0x000001f266e91000 JavaThread "jar transforms Thread 109" [_thread_blocked, id=20764, stack(0x00000046d9e00000,0x00000046d9f00000)]
  0x000001f266e93000 JavaThread "jar transforms Thread 110" [_thread_blocked, id=15768, stack(0x00000046d9f00000,0x00000046da000000)]
  0x000001f266e93800 JavaThread "jar transforms Thread 111" [_thread_blocked, id=23948, stack(0x00000046da000000,0x00000046da100000)]
  0x000001f266e94800 JavaThread "jar transforms Thread 112" [_thread_blocked, id=25220, stack(0x00000046da100000,0x00000046da200000)]
  0x000001f266e92000 JavaThread "jar transforms Thread 113" [_thread_blocked, id=6544, stack(0x00000046da200000,0x00000046da300000)]
  0x000001f26669f800 JavaThread "jar transforms Thread 114" [_thread_blocked, id=24416, stack(0x00000046da300000,0x00000046da400000)]
  0x000001f2666a0800 JavaThread "jar transforms Thread 115" [_thread_blocked, id=15856, stack(0x00000046da400000,0x00000046da500000)]
  0x000001f26669c800 JavaThread "jar transforms Thread 116" [_thread_blocked, id=21280, stack(0x00000046da500000,0x00000046da600000)]
  0x000001f26669b000 JavaThread "jar transforms Thread 117" [_thread_blocked, id=4888, stack(0x00000046da600000,0x00000046da700000)]
  0x000001f2666a2000 JavaThread "jar transforms Thread 118" [_thread_blocked, id=25368, stack(0x00000046da700000,0x00000046da800000)]
  0x000001f2666a3000 JavaThread "jar transforms Thread 119" [_thread_blocked, id=1452, stack(0x00000046da800000,0x00000046da900000)]
  0x000001f26669d000 JavaThread "jar transforms Thread 120" [_thread_blocked, id=24976, stack(0x00000046da900000,0x00000046daa00000)]
  0x000001f2666a5800 JavaThread "jar transforms Thread 121" [_thread_blocked, id=19532, stack(0x00000046daa00000,0x00000046dab00000)]
  0x000001f2666a9800 JavaThread "jar transforms Thread 122" [_thread_blocked, id=25320, stack(0x00000046dab00000,0x00000046dac00000)]
  0x000001f2666a4000 JavaThread "jar transforms Thread 123" [_thread_blocked, id=25528, stack(0x00000046dac00000,0x00000046dad00000)]
  0x000001f2666a4800 JavaThread "jar transforms Thread 124" [_thread_blocked, id=25048, stack(0x00000046dad00000,0x00000046dae00000)]
  0x000001f2666a6000 JavaThread "jar transforms Thread 125" [_thread_blocked, id=8268, stack(0x00000046dae00000,0x00000046daf00000)]
  0x000001f2666a8000 JavaThread "jar transforms Thread 126" [_thread_blocked, id=20272, stack(0x00000046daf00000,0x00000046db000000)]
  0x000001f2666a7000 JavaThread "jar transforms Thread 127" [_thread_blocked, id=24940, stack(0x00000046db000000,0x00000046db100000)]
  0x000001f2666a8800 JavaThread "jar transforms Thread 128" [_thread_blocked, id=23616, stack(0x00000046db100000,0x00000046db200000)]
  0x000001f26644b800 JavaThread "jar transforms Thread 129" [_thread_blocked, id=7644, stack(0x00000046db200000,0x00000046db300000)]
  0x000001f26644c800 JavaThread "jar transforms Thread 130" [_thread_blocked, id=23392, stack(0x00000046db300000,0x00000046db400000)]
  0x000001f26644e800 JavaThread "jar transforms Thread 131" [_thread_blocked, id=23344, stack(0x00000046db400000,0x00000046db500000)]
  0x000001f26644a800 JavaThread "jar transforms Thread 132" [_thread_blocked, id=18796, stack(0x00000046db500000,0x00000046db600000)]
  0x000001f266449000 JavaThread "jar transforms Thread 133" [_thread_blocked, id=20448, stack(0x00000046db600000,0x00000046db700000)]
  0x000001f266c71800 JavaThread "jar transforms Thread 134" [_thread_blocked, id=24056, stack(0x00000046db700000,0x00000046db800000)]
  0x000001f266c70000 JavaThread "jar transforms Thread 135" [_thread_blocked, id=18600, stack(0x00000046db800000,0x00000046db900000)]
  0x000001f266c75800 JavaThread "jar transforms Thread 136" [_thread_blocked, id=24276, stack(0x00000046db900000,0x00000046dba00000)]
  0x000001f266c76800 JavaThread "jar transforms Thread 137" [_thread_blocked, id=15092, stack(0x00000046dba00000,0x00000046dbb00000)]
  0x000001f266c70800 JavaThread "jar transforms Thread 138" [_thread_blocked, id=9544, stack(0x00000046dbb00000,0x00000046dbc00000)]
  0x000001f266c78000 JavaThread "jar transforms Thread 139" [_thread_blocked, id=21032, stack(0x00000046dbc00000,0x00000046dbd00000)]
  0x000001f266c73000 JavaThread "jar transforms Thread 140" [_thread_blocked, id=20684, stack(0x00000046dbd00000,0x00000046dbe00000)]
  0x000001f266c77000 JavaThread "jar transforms Thread 141" [_thread_blocked, id=23940, stack(0x00000046dbe00000,0x00000046dbf00000)]
  0x000001f266c74000 JavaThread "jar transforms Thread 142" [_thread_blocked, id=20664, stack(0x00000046dbf00000,0x00000046dc000000)]
  0x000001f266c74800 JavaThread "jar transforms Thread 143" [_thread_blocked, id=25148, stack(0x00000046dc000000,0x00000046dc100000)]
  0x000001f266c72000 JavaThread "jar transforms Thread 144" [_thread_blocked, id=1200, stack(0x00000046dc100000,0x00000046dc200000)]
  0x000001f266c7e800 JavaThread "jar transforms Thread 145" [_thread_blocked, id=17836, stack(0x00000046dc200000,0x00000046dc300000)]
  0x000001f266c7c000 JavaThread "jar transforms Thread 146" [_thread_blocked, id=23768, stack(0x00000046dc300000,0x00000046dc400000)]
  0x000001f266c7d800 JavaThread "jar transforms Thread 147" [_thread_blocked, id=21352, stack(0x00000046dc400000,0x00000046dc500000)]
  0x000001f266c79000 JavaThread "jar transforms Thread 148" [_thread_blocked, id=2316, stack(0x00000046dc500000,0x00000046dc600000)]
  0x000001f266c7b000 JavaThread "jar transforms Thread 149" [_thread_blocked, id=19088, stack(0x00000046dc600000,0x00000046dc700000)]
  0x000001f266c7d000 JavaThread "jar transforms Thread 150" [_thread_blocked, id=20240, stack(0x00000046dc700000,0x00000046dc800000)]
  0x000001f266c79800 JavaThread "jar transforms Thread 151" [_thread_blocked, id=22716, stack(0x00000046dc800000,0x00000046dc900000)]
  0x000001f266c7a800 JavaThread "jar transforms Thread 152" [_thread_blocked, id=22280, stack(0x00000046dc900000,0x00000046dca00000)]
  0x000001f26ee6a000 JavaThread "jar transforms Thread 153" [_thread_blocked, id=18964, stack(0x00000046dca00000,0x00000046dcb00000)]
  0x000001f26ee6b800 JavaThread "jar transforms Thread 154" [_thread_blocked, id=22936, stack(0x00000046dcb00000,0x00000046dcc00000)]
  0x000001f26ee6f000 JavaThread "jar transforms Thread 155" [_thread_blocked, id=20980, stack(0x00000046dcc00000,0x00000046dcd00000)]
  0x000001f26ee6b000 JavaThread "jar transforms Thread 156" [_thread_blocked, id=3108, stack(0x00000046dcd00000,0x00000046dce00000)]
  0x000001f26ee6d800 JavaThread "jar transforms Thread 157" [_thread_blocked, id=25224, stack(0x00000046dce00000,0x00000046dcf00000)]
  0x000001f26ee69000 JavaThread "jar transforms Thread 158" [_thread_blocked, id=15564, stack(0x00000046dcf00000,0x00000046dd000000)]
  0x000001f26ee70000 JavaThread "jar transforms Thread 159" [_thread_blocked, id=22540, stack(0x00000046dd000000,0x00000046dd100000)]
  0x000001f26ee72000 JavaThread "jar transforms Thread 160" [_thread_blocked, id=23904, stack(0x00000046dd100000,0x00000046dd200000)]
  0x000001f26ee6e000 JavaThread "jar transforms Thread 161" [_thread_blocked, id=24268, stack(0x00000046dd200000,0x00000046dd300000)]
  0x000001f26ee71800 JavaThread "jar transforms Thread 162" [_thread_blocked, id=22532, stack(0x00000046dd300000,0x00000046dd400000)]
  0x000001f26ee6c800 JavaThread "jar transforms Thread 163" [_thread_blocked, id=11764, stack(0x00000046dd400000,0x00000046dd500000)]
  0x000001f26ee73000 JavaThread "jar transforms Thread 164" [_thread_blocked, id=24048, stack(0x00000046dd500000,0x00000046dd600000)]
  0x000001f26ee76800 JavaThread "jar transforms Thread 165" [_thread_blocked, id=7384, stack(0x00000046dd600000,0x00000046dd700000)]
  0x000001f26ee74000 JavaThread "jar transforms Thread 166" [_thread_blocked, id=16420, stack(0x00000046dd700000,0x00000046dd800000)]
  0x000001f26ee74800 JavaThread "jar transforms Thread 167" [_thread_blocked, id=25136, stack(0x00000046dd800000,0x00000046dd900000)]
  0x000001f26ee75800 JavaThread "jar transforms Thread 168" [_thread_blocked, id=24488, stack(0x00000046dd900000,0x00000046dda00000)]
  0x000001f26ee70800 JavaThread "jar transforms Thread 169" [_thread_blocked, id=23256, stack(0x00000046dda00000,0x00000046ddb00000)]
  0x000001f26ee77000 JavaThread "jar transforms Thread 170" [_thread_blocked, id=17208, stack(0x00000046ddb00000,0x00000046ddc00000)]
  0x000001f26ee78000 JavaThread "jar transforms Thread 171" [_thread_blocked, id=22812, stack(0x00000046ddc00000,0x00000046ddd00000)]
  0x000001f26df11000 JavaThread "jar transforms Thread 172" [_thread_blocked, id=23232, stack(0x00000046ddd00000,0x00000046dde00000)]
  0x000001f26df0e000 JavaThread "jar transforms Thread 173" [_thread_blocked, id=20180, stack(0x00000046dde00000,0x00000046ddf00000)]
  0x000001f26df12000 JavaThread "jar transforms Thread 174" [_thread_blocked, id=24840, stack(0x00000046ddf00000,0x00000046de000000)]
  0x000001f26df0d000 JavaThread "jar transforms Thread 175" [_thread_blocked, id=1092, stack(0x00000046de000000,0x00000046de100000)]
  0x000001f26df0f800 JavaThread "jar transforms Thread 176" [_thread_blocked, id=9084, stack(0x00000046de100000,0x00000046de200000)]
  0x000001f26df10800 JavaThread "jar transforms Thread 177" [_thread_blocked, id=22728, stack(0x00000046de200000,0x00000046de300000)]
  0x000001f26df0e800 JavaThread "jar transforms Thread 178" [_thread_blocked, id=23504, stack(0x00000046de300000,0x00000046de400000)]
  0x000001f26df0c800 JavaThread "jar transforms Thread 179" [_thread_blocked, id=2184, stack(0x00000046de400000,0x00000046de500000)]
  0x000001f26df17800 JavaThread "jar transforms Thread 180" [_thread_blocked, id=23452, stack(0x00000046de500000,0x00000046de600000)]
  0x000001f26df13000 JavaThread "jar transforms Thread 181" [_thread_blocked, id=1008, stack(0x00000046de600000,0x00000046de700000)]
  0x000001f26df13800 JavaThread "jar transforms Thread 182" [_thread_blocked, id=22400, stack(0x00000046de700000,0x00000046de800000)]
  0x000001f26df14800 JavaThread "jar transforms Thread 183" [_thread_blocked, id=22672, stack(0x00000046de800000,0x00000046de900000)]
  0x000001f26df18800 JavaThread "jar transforms Thread 184" [_thread_blocked, id=16076, stack(0x00000046de900000,0x00000046dea00000)]
  0x000001f26df19800 JavaThread "jar transforms Thread 185" [_thread_blocked, id=6548, stack(0x00000046dea00000,0x00000046deb00000)]
  0x000001f26df1a000 JavaThread "jar transforms Thread 186" [_thread_blocked, id=22640, stack(0x00000046deb00000,0x00000046dec00000)]
  0x000001f26df1b000 JavaThread "jar transforms Thread 187" [_thread_blocked, id=7920, stack(0x00000046dec00000,0x00000046ded00000)]
  0x000001f26df15000 JavaThread "jar transforms Thread 188" [_thread_blocked, id=23600, stack(0x00000046ded00000,0x00000046dee00000)]
  0x000001f26df16000 JavaThread "jar transforms Thread 189" [_thread_blocked, id=13680, stack(0x00000046dee00000,0x00000046def00000)]
  0x000001f26df17000 JavaThread "jar transforms Thread 190" [_thread_blocked, id=23244, stack(0x00000046def00000,0x00000046df000000)]
  0x000001f26f168800 JavaThread "jar transforms Thread 191" [_thread_blocked, id=2020, stack(0x00000046df000000,0x00000046df100000)]
  0x000001f26f165000 JavaThread "jar transforms Thread 192" [_thread_blocked, id=5220, stack(0x00000046df100000,0x00000046df200000)]
  0x000001f26f166800 JavaThread "jar transforms Thread 193" [_thread_blocked, id=22892, stack(0x00000046df200000,0x00000046df300000)]
  0x000001f26f167800 JavaThread "jar transforms Thread 194" [_thread_blocked, id=10936, stack(0x00000046df300000,0x00000046df400000)]
  0x000001f26f163800 JavaThread "jar transforms Thread 195" [_thread_blocked, id=21608, stack(0x00000046df400000,0x00000046df500000)]
  0x000001f26f166000 JavaThread "jar transforms Thread 196" [_thread_blocked, id=21544, stack(0x00000046df500000,0x00000046df600000)]
  0x000001f26f162800 JavaThread "jar transforms Thread 197" [_thread_blocked, id=23200, stack(0x00000046df600000,0x00000046df700000)]
  0x000001f26f169000 JavaThread "jar transforms Thread 198" [_thread_blocked, id=23104, stack(0x00000046df700000,0x00000046df800000)]
  0x000001f26f16a000 JavaThread "build event listener" [_thread_blocked, id=12468, stack(0x00000046df800000,0x00000046df900000)]
  0x000001f26f164000 JavaThread "build event listener" [_thread_blocked, id=23048, stack(0x00000046df900000,0x00000046dfa00000)]
  0x000001f26f16c800 JavaThread "Execution worker for ':'" [_thread_blocked, id=21788, stack(0x00000046dfa00000,0x00000046dfb00000)]
  0x000001f26f16e000 JavaThread "Execution worker for ':' Thread 2" [_thread_blocked, id=17968, stack(0x00000046dfc00000,0x00000046dfd00000)]
  0x000001f26f170800 JavaThread "Execution worker for ':' Thread 3" [_thread_blocked, id=24512, stack(0x00000046dfd00000,0x00000046dfe00000)]
  0x000001f26f16b800 JavaThread "Execution worker for ':' Thread 4" [_thread_blocked, id=19552, stack(0x00000046dfe00000,0x00000046dff00000)]
  0x000001f26f16b000 JavaThread "Execution worker for ':' Thread 5" [_thread_blocked, id=2900, stack(0x00000046dff00000,0x00000046e0000000)]
  0x000001f26f16f800 JavaThread "Execution worker for ':' Thread 6" [_thread_blocked, id=11060, stack(0x00000046e0000000,0x00000046e0100000)]
  0x000001f26f16d000 JavaThread "Execution worker for ':' Thread 7" [_thread_blocked, id=25360, stack(0x00000046e0100000,0x00000046e0200000)]
  0x000001f26f171800 JavaThread "Cache worker for execution history cache (C:\Users\Jared\AndroidStudioProjects\dndv2\.gradle\6.7.1\executionHistory)" [_thread_blocked, id=22068, stack(0x00000046e0200000,0x00000046e0300000)]

Other Threads:
  0x000001f2637cf800 VMThread "VM Thread" [stack: 0x00000046d6500000,0x00000046d6600000] [id=15776] _threads_hazard_ptr=0x000001f2697c1ca0
  0x000001f2642b2800 WatcherThread [stack: 0x00000046d6f00000,0x00000046d7000000] [id=25124]
  0x000001f248d12800 GCTaskThread "GC Thread#0" [stack: 0x00000046d6000000,0x00000046d6100000] [id=23980]
  0x000001f264f11000 GCTaskThread "GC Thread#1" [stack: 0x00000046d7100000,0x00000046d7200000] [id=20972]
  0x000001f265005800 GCTaskThread "GC Thread#2" [stack: 0x00000046d7200000,0x00000046d7300000] [id=24720]
  0x000001f26533d800 GCTaskThread "GC Thread#3" [stack: 0x00000046d7e00000,0x00000046d7f00000] [id=21124]
  0x000001f265411800 GCTaskThread "GC Thread#4" [stack: 0x00000046d7f00000,0x00000046d8000000] [id=3332]
  0x000001f2655b6800 GCTaskThread "GC Thread#5" [stack: 0x00000046d8000000,0x00000046d8100000] [id=21920]
  0x000001f265689800 GCTaskThread "GC Thread#6" [stack: 0x00000046d8100000,0x00000046d8200000] [id=8204]
  0x000001f266391800 GCTaskThread "GC Thread#7" [stack: 0x00000046d8200000,0x00000046d8300000] [id=23624]
  0x000001f248d43800 ConcurrentGCThread "G1 Main Marker" [stack: 0x00000046d6100000,0x00000046d6200000] [id=13736]
  0x000001f248d47800 ConcurrentGCThread "G1 Conc#0" [stack: 0x00000046d6200000,0x00000046d6300000] [id=16136]
  0x000001f2658be800 ConcurrentGCThread "G1 Conc#1" [stack: 0x00000046d8500000,0x00000046d8600000] [id=19404]
  0x000001f263620800 ConcurrentGCThread "G1 Refine#0" [stack: 0x00000046d6300000,0x00000046d6400000] [id=9592]
  0x000001f264712800 ConcurrentGCThread "G1 Refine#1" [stack: 0x00000046e1100000,0x00000046e1200000] [id=11988]
  0x000001f26a066000 ConcurrentGCThread "G1 Refine#2" [stack: 0x00000046e1200000,0x00000046e1300000] [id=22688]
  0x000001f26d429000 ConcurrentGCThread "G1 Refine#3" [stack: 0x00000046e1300000,0x00000046e1400000] [id=19800]
  0x000001f26d47e000 ConcurrentGCThread "G1 Refine#4" [stack: 0x00000046e1400000,0x00000046e1500000] [id=20812]
  0x000001f26d455800 ConcurrentGCThread "G1 Refine#5" [stack: 0x00000046e1500000,0x00000046e1600000] [id=12644]
  0x000001f268652800 ConcurrentGCThread "G1 Refine#6" [stack: 0x00000046e1600000,0x00000046e1700000] [id=20220]
  0x000001f263621800 ConcurrentGCThread "G1 Young RemSet Sampling" [stack: 0x00000046d6400000,0x00000046d6500000] [id=24864]

Threads with active compile tasks:
C2 CompilerThread0 207129 15176       4       org.gradle.api.internal.artifacts.transform.AttributeMatchingVariantSelector::doSelect (492 bytes)
C2 CompilerThread1 207129 15217       4       java.lang.Class::getSimpleName (26 bytes)
C2 CompilerThread2 207129 15169   !   4       java.io.ObjectOutputStream::writeObject0 (619 bytes)

VM state:not at safepoint (normal execution)

VM Mutex/Monitor currently owned by a thread: None

Heap address: 0x0000000080000000, size: 2048 MB, Compressed Oops mode: 32-bit
Narrow klass base: 0x0000000000000000, Narrow klass shift: 3
Compressed class space size: 1073741824 Address: 0x0000000100000000

Heap:
 garbage-first heap   total 303104K, used 200768K [0x0000000080000000, 0x0000000100000000)
  region size 1024K, 117 young (119808K), 6 survivors (6144K)
 Metaspace       used 95355K, capacity 97762K, committed 97996K, reserved 1134592K
  class space    used 12144K, capacity 13048K, committed 13056K, reserved 1048576K
Heap Regions: E=young(eden), S=young(survivor), O=old, HS=humongous(starts), HC=humongous(continues), CS=collection set, F=free, A=archive, TAMS=top-at-mark-start (previous, next)
|   0|0x0000000080000000, 0x0000000080100000, 0x0000000080100000|100%| O|  |TAMS 0x0000000080100000, 0x0000000080000000| Untracked 
|   1|0x0000000080100000, 0x0000000080200000, 0x0000000080200000|100%| O|  |TAMS 0x0000000080200000, 0x0000000080100000| Untracked 
|   2|0x0000000080200000, 0x0000000080300000, 0x0000000080300000|100%| O|  |TAMS 0x0000000080300000, 0x0000000080200000| Untracked 
|   3|0x0000000080300000, 0x0000000080400000, 0x0000000080400000|100%|HS|  |TAMS 0x0000000080400000, 0x0000000080300000| Complete 
|   4|0x0000000080400000, 0x0000000080500000, 0x0000000080500000|100%|HC|  |TAMS 0x0000000080500000, 0x0000000080400000| Complete 
|   5|0x0000000080500000, 0x0000000080600000, 0x0000000080600000|100%|HC|  |TAMS 0x0000000080600000, 0x0000000080500000| Complete 
|   6|0x0000000080600000, 0x0000000080700000, 0x0000000080700000|100%| O|  |TAMS 0x0000000080700000, 0x0000000080600000| Untracked 
|   7|0x0000000080700000, 0x0000000080800000, 0x0000000080800000|100%| O|  |TAMS 0x0000000080800000, 0x0000000080700000| Untracked 
|   8|0x0000000080800000, 0x0000000080900000, 0x0000000080900000|100%| O|  |TAMS 0x0000000080900000, 0x0000000080800000| Untracked 
|   9|0x0000000080900000, 0x0000000080a00000, 0x0000000080a00000|100%| O|  |TAMS 0x0000000080a00000, 0x0000000080900000| Untracked 
|  10|0x0000000080a00000, 0x0000000080b00000, 0x0000000080b00000|100%| O|  |TAMS 0x0000000080b00000, 0x0000000080a00000| Untracked 
|  11|0x0000000080b00000, 0x0000000080c00000, 0x0000000080c00000|100%| O|  |TAMS 0x0000000080b00000, 0x0000000080b00000| Untracked 
|  12|0x0000000080c00000, 0x0000000080d00000, 0x0000000080d00000|100%| O|  |TAMS 0x0000000080d00000, 0x0000000080c00000| Untracked 
|  13|0x0000000080d00000, 0x0000000080e00000, 0x0000000080e00000|100%| O|  |TAMS 0x0000000080e00000, 0x0000000080d00000| Untracked 
|  14|0x0000000080e00000, 0x0000000080f00000, 0x0000000080f00000|100%| O|  |TAMS 0x0000000080f00000, 0x0000000080e00000| Untracked 
|  15|0x0000000080f00000, 0x0000000081000000, 0x0000000081000000|100%| O|  |TAMS 0x0000000081000000, 0x0000000080f00000| Untracked 
|  16|0x0000000081000000, 0x0000000081100000, 0x0000000081100000|100%|HS|  |TAMS 0x0000000081100000, 0x0000000081000000| Complete 
|  17|0x0000000081100000, 0x0000000081200000, 0x0000000081200000|100%| O|  |TAMS 0x0000000081200000, 0x0000000081100000| Untracked 
|  18|0x0000000081200000, 0x0000000081300000, 0x0000000081300000|100%| O|  |TAMS 0x0000000081300000, 0x0000000081200000| Untracked 
|  19|0x0000000081300000, 0x0000000081400000, 0x0000000081400000|100%| O|  |TAMS 0x0000000081400000, 0x0000000081300000| Untracked 
|  20|0x0000000081400000, 0x0000000081500000, 0x0000000081500000|100%| O|  |TAMS 0x0000000081500000, 0x0000000081400000| Untracked 
|  21|0x0000000081500000, 0x0000000081600000, 0x0000000081600000|100%| O|  |TAMS 0x0000000081600000, 0x0000000081500000| Untracked 
|  22|0x0000000081600000, 0x0000000081700000, 0x0000000081700000|100%|HS|  |TAMS 0x0000000081700000, 0x0000000081600000| Complete 
|  23|0x0000000081700000, 0x0000000081800000, 0x0000000081800000|100%|HC|  |TAMS 0x0000000081800000, 0x0000000081700000| Complete 
|  24|0x0000000081800000, 0x0000000081900000, 0x0000000081900000|100%| O|  |TAMS 0x0000000081900000, 0x0000000081800000| Untracked 
|  25|0x0000000081900000, 0x0000000081a00000, 0x0000000081a00000|100%| O|  |TAMS 0x0000000081a00000, 0x0000000081900000| Untracked 
|  26|0x0000000081a00000, 0x0000000081b00000, 0x0000000081b00000|100%| O|  |TAMS 0x0000000081b00000, 0x0000000081a00000| Untracked 
|  27|0x0000000081b00000, 0x0000000081c00000, 0x0000000081c00000|100%| O|  |TAMS 0x0000000081c00000, 0x0000000081b00000| Untracked 
|  28|0x0000000081c00000, 0x0000000081d00000, 0x0000000081d00000|100%| O|  |TAMS 0x0000000081d00000, 0x0000000081c00000| Untracked 
|  29|0x0000000081d00000, 0x0000000081e00000, 0x0000000081e00000|100%| O|  |TAMS 0x0000000081e00000, 0x0000000081d00000| Untracked 
|  30|0x0000000081e00000, 0x0000000081f00000, 0x0000000081f00000|100%| O|  |TAMS 0x0000000081f00000, 0x0000000081e00000| Untracked 
|  31|0x0000000081f00000, 0x0000000082000000, 0x0000000082000000|100%| O|  |TAMS 0x0000000082000000, 0x0000000081f00000| Untracked 
|  32|0x0000000082000000, 0x0000000082100000, 0x0000000082100000|100%| O|  |TAMS 0x0000000082100000, 0x0000000082000000| Untracked 
|  33|0x0000000082100000, 0x0000000082200000, 0x0000000082200000|100%| O|  |TAMS 0x0000000082200000, 0x0000000082100000| Untracked 
|  34|0x0000000082200000, 0x0000000082300000, 0x0000000082300000|100%| O|  |TAMS 0x0000000082300000, 0x0000000082200000| Untracked 
|  35|0x0000000082300000, 0x0000000082400000, 0x0000000082400000|100%| O|  |TAMS 0x0000000082400000, 0x0000000082300000| Untracked 
|  36|0x0000000082400000, 0x0000000082500000, 0x0000000082500000|100%| O|  |TAMS 0x0000000082500000, 0x0000000082400000| Untracked 
|  37|0x0000000082500000, 0x0000000082600000, 0x0000000082600000|100%| O|  |TAMS 0x0000000082600000, 0x0000000082500000| Untracked 
|  38|0x0000000082600000, 0x0000000082700000, 0x0000000082700000|100%| O|  |TAMS 0x0000000082700000, 0x0000000082600000| Untracked 
|  39|0x0000000082700000, 0x0000000082800000, 0x0000000082800000|100%| O|  |TAMS 0x0000000082800000, 0x0000000082700000| Untracked 
|  40|0x0000000082800000, 0x0000000082900000, 0x0000000082900000|100%| O|  |TAMS 0x0000000082900000, 0x0000000082800000| Untracked 
|  41|0x0000000082900000, 0x0000000082a00000, 0x0000000082a00000|100%| O|  |TAMS 0x0000000082a00000, 0x0000000082900000| Untracked 
|  42|0x0000000082a00000, 0x0000000082b00000, 0x0000000082b00000|100%| O|  |TAMS 0x0000000082b00000, 0x0000000082a00000| Untracked 
|  43|0x0000000082b00000, 0x0000000082c00000, 0x0000000082c00000|100%| O|  |TAMS 0x0000000082c00000, 0x0000000082b00000| Untracked 
|  44|0x0000000082c00000, 0x0000000082d00000, 0x0000000082d00000|100%| O|  |TAMS 0x0000000082d00000, 0x0000000082c00000| Untracked 
|  45|0x0000000082d00000, 0x0000000082e00000, 0x0000000082e00000|100%| O|  |TAMS 0x0000000082e00000, 0x0000000082d00000| Untracked 
|  46|0x0000000082e00000, 0x0000000082f00000, 0x0000000082f00000|100%| O|  |TAMS 0x0000000082f00000, 0x0000000082e00000| Untracked 
|  47|0x0000000082f00000, 0x0000000083000000, 0x0000000083000000|100%| O|  |TAMS 0x0000000083000000, 0x0000000082f00000| Untracked 
|  48|0x0000000083000000, 0x0000000083100000, 0x0000000083100000|100%| O|  |TAMS 0x0000000083100000, 0x0000000083000000| Untracked 
|  49|0x0000000083100000, 0x0000000083200000, 0x0000000083200000|100%| O|  |TAMS 0x0000000083200000, 0x0000000083100000| Untracked 
|  50|0x0000000083200000, 0x0000000083300000, 0x0000000083300000|100%| O|  |TAMS 0x0000000083300000, 0x0000000083200000| Untracked 
|  51|0x0000000083300000, 0x0000000083400000, 0x0000000083400000|100%| O|  |TAMS 0x0000000083400000, 0x0000000083300000| Untracked 
|  52|0x0000000083400000, 0x0000000083500000, 0x0000000083500000|100%| O|  |TAMS 0x0000000083500000, 0x0000000083400000| Untracked 
|  53|0x0000000083500000, 0x0000000083600000, 0x0000000083600000|100%| O|  |TAMS 0x0000000083600000, 0x0000000083500000| Untracked 
|  54|0x0000000083600000, 0x0000000083700000, 0x0000000083700000|100%| O|  |TAMS 0x0000000083700000, 0x0000000083600000| Untracked 
|  55|0x0000000083700000, 0x0000000083800000, 0x0000000083800000|100%| O|  |TAMS 0x0000000083800000, 0x0000000083700000| Untracked 
|  56|0x0000000083800000, 0x0000000083900000, 0x0000000083900000|100%| O|  |TAMS 0x0000000083900000, 0x0000000083800000| Untracked 
|  57|0x0000000083900000, 0x0000000083a00000, 0x0000000083a00000|100%| O|  |TAMS 0x0000000083a00000, 0x0000000083900000| Untracked 
|  58|0x0000000083a00000, 0x0000000083b00000, 0x0000000083b00000|100%| O|  |TAMS 0x0000000083b00000, 0x0000000083a00000| Untracked 
|  59|0x0000000083b00000, 0x0000000083c00000, 0x0000000083c00000|100%| O|  |TAMS 0x0000000083c00000, 0x0000000083b00000| Untracked 
|  60|0x0000000083c00000, 0x0000000083d00000, 0x0000000083d00000|100%| O|  |TAMS 0x0000000083d00000, 0x0000000083c00000| Untracked 
|  61|0x0000000083d00000, 0x0000000083e00000, 0x0000000083e00000|100%| O|  |TAMS 0x0000000083e00000, 0x0000000083d00000| Untracked 
|  62|0x0000000083e00000, 0x0000000083f00000, 0x0000000083f00000|100%| O|  |TAMS 0x0000000083f00000, 0x0000000083e00000| Untracked 
|  63|0x0000000083f00000, 0x0000000084000000, 0x0000000084000000|100%| O|  |TAMS 0x0000000083f43600, 0x0000000083f00000| Untracked 
|  64|0x0000000084000000, 0x0000000084100000, 0x0000000084100000|100%| O|  |TAMS 0x0000000084100000, 0x0000000084000000| Untracked 
|  65|0x0000000084100000, 0x0000000084100000, 0x0000000084200000|  0%| F|  |TAMS 0x0000000084100000, 0x0000000084100000| Untracked 
|  66|0x0000000084200000, 0x0000000084200000, 0x0000000084300000|  0%| F|  |TAMS 0x0000000084200000, 0x0000000084200000| Untracked 
|  67|0x0000000084300000, 0x0000000084400000, 0x0000000084400000|100%| O|  |TAMS 0x0000000084300000, 0x0000000084300000| Untracked 
|  68|0x0000000084400000, 0x0000000084500000, 0x0000000084500000|100%| O|  |TAMS 0x0000000084500000, 0x0000000084400000| Untracked 
|  69|0x0000000084500000, 0x0000000084600000, 0x0000000084600000|100%| O|  |TAMS 0x0000000084500000, 0x0000000084500000| Untracked 
|  70|0x0000000084600000, 0x0000000084700000, 0x0000000084700000|100%| O|  |TAMS 0x0000000084700000, 0x0000000084600000| Untracked 
|  71|0x0000000084700000, 0x0000000084800000, 0x0000000084800000|100%| O|  |TAMS 0x0000000084800000, 0x0000000084700000| Untracked 
|  72|0x0000000084800000, 0x0000000084800000, 0x0000000084900000|  0%| F|  |TAMS 0x0000000084800000, 0x0000000084800000| Untracked 
|  73|0x0000000084900000, 0x0000000084900000, 0x0000000084a00000|  0%| F|  |TAMS 0x0000000084900000, 0x0000000084900000| Untracked 
|  74|0x0000000084a00000, 0x0000000084b00000, 0x0000000084b00000|100%| O|  |TAMS 0x0000000084b00000, 0x0000000084a00000| Untracked 
|  75|0x0000000084b00000, 0x0000000084b00000, 0x0000000084c00000|  0%| F|  |TAMS 0x0000000084b00000, 0x0000000084b00000| Untracked 
|  76|0x0000000084c00000, 0x0000000084c00000, 0x0000000084d00000|  0%| F|  |TAMS 0x0000000084c00000, 0x0000000084c00000| Untracked 
|  77|0x0000000084d00000, 0x0000000084e00000, 0x0000000084e00000|100%| O|  |TAMS 0x0000000084d00000, 0x0000000084d00000| Untracked 
|  78|0x0000000084e00000, 0x0000000084f00000, 0x0000000084f00000|100%| O|  |TAMS 0x0000000084e00000, 0x0000000084e00000| Untracked 
|  79|0x0000000084f00000, 0x0000000084ff5e00, 0x0000000085000000| 96%| O|  |TAMS 0x0000000084f00000, 0x0000000084f00000| Untracked 
|  80|0x0000000085000000, 0x0000000085100000, 0x0000000085100000|100%| O|  |TAMS 0x0000000085100000, 0x0000000085000000| Untracked 
|  81|0x0000000085100000, 0x0000000085200000, 0x0000000085200000|100%| O|  |TAMS 0x0000000085200000, 0x0000000085100000| Untracked 
|  82|0x0000000085200000, 0x0000000085300000, 0x0000000085300000|100%| O|  |TAMS 0x0000000085300000, 0x0000000085200000| Untracked 
|  83|0x0000000085300000, 0x0000000085400000, 0x0000000085400000|100%| O|  |TAMS 0x0000000085400000, 0x0000000085300000| Untracked 
|  84|0x0000000085400000, 0x0000000085500000, 0x0000000085500000|100%| O|  |TAMS 0x0000000085500000, 0x0000000085400000| Untracked 
|  85|0x0000000085500000, 0x0000000085600000, 0x0000000085600000|100%| O|  |TAMS 0x0000000085600000, 0x0000000085500000| Untracked 
|  86|0x0000000085600000, 0x0000000085700000, 0x0000000085700000|100%| O|  |TAMS 0x0000000085700000, 0x0000000085600000| Untracked 
|  87|0x0000000085700000, 0x0000000085700000, 0x0000000085800000|  0%| F|  |TAMS 0x0000000085700000, 0x0000000085700000| Untracked 
|  88|0x0000000085800000, 0x0000000085800000, 0x0000000085900000|  0%| F|  |TAMS 0x0000000085800000, 0x0000000085800000| Untracked 
|  89|0x0000000085900000, 0x0000000085900000, 0x0000000085a00000|  0%| F|  |TAMS 0x0000000085900000, 0x0000000085900000| Untracked 
|  90|0x0000000085a00000, 0x0000000085a00000, 0x0000000085b00000|  0%| F|  |TAMS 0x0000000085a00000, 0x0000000085a00000| Untracked 
|  91|0x0000000085b00000, 0x0000000085b00000, 0x0000000085c00000|  0%| F|  |TAMS 0x0000000085b00000, 0x0000000085b00000| Untracked 
|  92|0x0000000085c00000, 0x0000000085c00000, 0x0000000085d00000|  0%| F|  |TAMS 0x0000000085c00000, 0x0000000085c00000| Untracked 
|  93|0x0000000085d00000, 0x0000000085d00000, 0x0000000085e00000|  0%| F|  |TAMS 0x0000000085d00000, 0x0000000085d00000| Untracked 
|  94|0x0000000085e00000, 0x0000000085e00000, 0x0000000085f00000|  0%| F|  |TAMS 0x0000000085e00000, 0x0000000085e00000| Untracked 
|  95|0x0000000085f00000, 0x0000000085f00000, 0x0000000086000000|  0%| F|  |TAMS 0x0000000085f00000, 0x0000000085f00000| Untracked 
|  96|0x0000000086000000, 0x0000000086000000, 0x0000000086100000|  0%| F|  |TAMS 0x0000000086000000, 0x0000000086000000| Untracked 
|  97|0x0000000086100000, 0x0000000086100000, 0x0000000086200000|  0%| F|  |TAMS 0x0000000086100000, 0x0000000086100000| Untracked 
|  98|0x0000000086200000, 0x0000000086200000, 0x0000000086300000|  0%| F|  |TAMS 0x0000000086200000, 0x0000000086200000| Untracked 
|  99|0x0000000086300000, 0x0000000086300000, 0x0000000086400000|  0%| F|  |TAMS 0x0000000086300000, 0x0000000086300000| Untracked 
| 100|0x0000000086400000, 0x0000000086400000, 0x0000000086500000|  0%| F|  |TAMS 0x0000000086400000, 0x0000000086400000| Untracked 
| 101|0x0000000086500000, 0x0000000086500000, 0x0000000086600000|  0%| F|  |TAMS 0x0000000086500000, 0x0000000086500000| Untracked 
| 102|0x0000000086600000, 0x0000000086600000, 0x0000000086700000|  0%| F|  |TAMS 0x0000000086600000, 0x0000000086600000| Untracked 
| 103|0x0000000086700000, 0x0000000086700000, 0x0000000086800000|  0%| F|  |TAMS 0x0000000086700000, 0x0000000086700000| Untracked 
| 104|0x0000000086800000, 0x0000000086800000, 0x0000000086900000|  0%| F|  |TAMS 0x0000000086800000, 0x0000000086800000| Untracked 
| 105|0x0000000086900000, 0x0000000086900000, 0x0000000086a00000|  0%| F|  |TAMS 0x0000000086900000, 0x0000000086900000| Untracked 
| 106|0x0000000086a00000, 0x0000000086a00000, 0x0000000086b00000|  0%| F|  |TAMS 0x0000000086a00000, 0x0000000086a00000| Untracked 
| 107|0x0000000086b00000, 0x0000000086b00000, 0x0000000086c00000|  0%| F|  |TAMS 0x0000000086b00000, 0x0000000086b00000| Untracked 
| 108|0x0000000086c00000, 0x0000000086c00000, 0x0000000086d00000|  0%| F|  |TAMS 0x0000000086c00000, 0x0000000086c00000| Untracked 
| 109|0x0000000086d00000, 0x0000000086d00000, 0x0000000086e00000|  0%| F|  |TAMS 0x0000000086d00000, 0x0000000086d00000| Untracked 
| 110|0x0000000086e00000, 0x0000000086e00000, 0x0000000086f00000|  0%| F|  |TAMS 0x0000000086e00000, 0x0000000086e00000| Untracked 
| 111|0x0000000086f00000, 0x0000000086f00000, 0x0000000087000000|  0%| F|  |TAMS 0x0000000086f00000, 0x0000000086f00000| Untracked 
| 112|0x0000000087000000, 0x0000000087000000, 0x0000000087100000|  0%| F|  |TAMS 0x0000000087000000, 0x0000000087000000| Untracked 
| 113|0x0000000087100000, 0x0000000087100000, 0x0000000087200000|  0%| F|  |TAMS 0x0000000087100000, 0x0000000087100000| Untracked 
| 114|0x0000000087200000, 0x0000000087200000, 0x0000000087300000|  0%| F|  |TAMS 0x0000000087200000, 0x0000000087200000| Untracked 
| 115|0x0000000087300000, 0x0000000087300000, 0x0000000087400000|  0%| F|  |TAMS 0x0000000087300000, 0x0000000087300000| Untracked 
| 116|0x0000000087400000, 0x0000000087400000, 0x0000000087500000|  0%| F|  |TAMS 0x0000000087400000, 0x0000000087400000| Untracked 
| 117|0x0000000087500000, 0x0000000087500000, 0x0000000087600000|  0%| F|  |TAMS 0x0000000087500000, 0x0000000087500000| Untracked 
| 118|0x0000000087600000, 0x0000000087600000, 0x0000000087700000|  0%| F|  |TAMS 0x0000000087600000, 0x0000000087600000| Untracked 
| 119|0x0000000087700000, 0x0000000087700000, 0x0000000087800000|  0%| F|  |TAMS 0x0000000087700000, 0x0000000087700000| Untracked 
| 120|0x0000000087800000, 0x0000000087800000, 0x0000000087900000|  0%| F|  |TAMS 0x0000000087800000, 0x0000000087800000| Untracked 
| 121|0x0000000087900000, 0x0000000087900000, 0x0000000087a00000|  0%| F|  |TAMS 0x0000000087900000, 0x0000000087900000| Untracked 
| 122|0x0000000087a00000, 0x0000000087a00000, 0x0000000087b00000|  0%| F|  |TAMS 0x0000000087a00000, 0x0000000087a00000| Untracked 
| 123|0x0000000087b00000, 0x0000000087b00000, 0x0000000087c00000|  0%| F|  |TAMS 0x0000000087b00000, 0x0000000087b00000| Untracked 
| 124|0x0000000087c00000, 0x0000000087c00000, 0x0000000087d00000|  0%| F|  |TAMS 0x0000000087c00000, 0x0000000087c00000| Untracked 
| 125|0x0000000087d00000, 0x0000000087d00000, 0x0000000087e00000|  0%| F|  |TAMS 0x0000000087d00000, 0x0000000087d00000| Untracked 
| 126|0x0000000087e00000, 0x0000000087e00000, 0x0000000087f00000|  0%| F|  |TAMS 0x0000000087e00000, 0x0000000087e00000| Untracked 
| 127|0x0000000087f00000, 0x0000000087f00000, 0x0000000088000000|  0%| F|  |TAMS 0x0000000087f00000, 0x0000000087f00000| Untracked 
| 128|0x0000000088000000, 0x0000000088000000, 0x0000000088100000|  0%| F|  |TAMS 0x0000000088000000, 0x0000000088000000| Untracked 
| 129|0x0000000088100000, 0x0000000088100000, 0x0000000088200000|  0%| F|  |TAMS 0x0000000088100000, 0x0000000088100000| Untracked 
| 130|0x0000000088200000, 0x0000000088200000, 0x0000000088300000|  0%| F|  |TAMS 0x0000000088200000, 0x0000000088200000| Untracked 
| 131|0x0000000088300000, 0x0000000088300000, 0x0000000088400000|  0%| F|  |TAMS 0x0000000088300000, 0x0000000088300000| Untracked 
| 132|0x0000000088400000, 0x0000000088400000, 0x0000000088500000|  0%| F|  |TAMS 0x0000000088400000, 0x0000000088400000| Untracked 
| 133|0x0000000088500000, 0x0000000088500000, 0x0000000088600000|  0%| F|  |TAMS 0x0000000088500000, 0x0000000088500000| Untracked 
| 134|0x0000000088600000, 0x0000000088600000, 0x0000000088700000|  0%| F|  |TAMS 0x0000000088600000, 0x0000000088600000| Untracked 
| 135|0x0000000088700000, 0x0000000088700000, 0x0000000088800000|  0%| F|  |TAMS 0x0000000088700000, 0x0000000088700000| Untracked 
| 136|0x0000000088800000, 0x0000000088900000, 0x0000000088900000|100%| O|  |TAMS 0x0000000088900000, 0x0000000088800000| Untracked 
| 137|0x0000000088900000, 0x0000000088900000, 0x0000000088a00000|  0%| F|  |TAMS 0x0000000088900000, 0x0000000088900000| Untracked 
| 138|0x0000000088a00000, 0x0000000088a00000, 0x0000000088b00000|  0%| F|  |TAMS 0x0000000088a00000, 0x0000000088a00000| Untracked 
| 139|0x0000000088b00000, 0x0000000088b00000, 0x0000000088c00000|  0%| F|  |TAMS 0x0000000088b00000, 0x0000000088b00000| Untracked 
| 140|0x0000000088c00000, 0x0000000088c00000, 0x0000000088d00000|  0%| F|  |TAMS 0x0000000088c00000, 0x0000000088c00000| Untracked 
| 141|0x0000000088d00000, 0x0000000088d00000, 0x0000000088e00000|  0%| F|  |TAMS 0x0000000088d00000, 0x0000000088d00000| Untracked 
| 142|0x0000000088e00000, 0x0000000088e00000, 0x0000000088f00000|  0%| F|  |TAMS 0x0000000088e00000, 0x0000000088e00000| Untracked 
| 143|0x0000000088f00000, 0x0000000088f00000, 0x0000000089000000|  0%| F|  |TAMS 0x0000000088f00000, 0x0000000088f00000| Untracked 
| 144|0x0000000089000000, 0x0000000089000000, 0x0000000089100000|  0%| F|  |TAMS 0x0000000089000000, 0x0000000089000000| Untracked 
| 145|0x0000000089100000, 0x0000000089100000, 0x0000000089200000|  0%| F|  |TAMS 0x0000000089100000, 0x0000000089100000| Untracked 
| 146|0x0000000089200000, 0x0000000089200000, 0x0000000089300000|  0%| F|  |TAMS 0x0000000089200000, 0x0000000089200000| Untracked 
| 147|0x0000000089300000, 0x0000000089300000, 0x0000000089400000|  0%| F|  |TAMS 0x0000000089300000, 0x0000000089300000| Untracked 
| 148|0x0000000089400000, 0x0000000089400000, 0x0000000089500000|  0%| F|  |TAMS 0x0000000089400000, 0x0000000089400000| Untracked 
| 149|0x0000000089500000, 0x0000000089500000, 0x0000000089600000|  0%| F|  |TAMS 0x0000000089500000, 0x0000000089500000| Untracked 
| 150|0x0000000089600000, 0x0000000089600000, 0x0000000089700000|  0%| F|  |TAMS 0x0000000089600000, 0x0000000089600000| Untracked 
| 151|0x0000000089700000, 0x0000000089700000, 0x0000000089800000|  0%| F|  |TAMS 0x0000000089700000, 0x0000000089700000| Untracked 
| 152|0x0000000089800000, 0x0000000089800000, 0x0000000089900000|  0%| F|  |TAMS 0x0000000089800000, 0x0000000089800000| Untracked 
| 153|0x0000000089900000, 0x0000000089900000, 0x0000000089a00000|  0%| F|  |TAMS 0x0000000089900000, 0x0000000089900000| Untracked 
| 154|0x0000000089a00000, 0x0000000089a00000, 0x0000000089b00000|  0%| F|  |TAMS 0x0000000089a00000, 0x0000000089a00000| Untracked 
| 155|0x0000000089b00000, 0x0000000089b00000, 0x0000000089c00000|  0%| F|  |TAMS 0x0000000089b00000, 0x0000000089b00000| Untracked 
| 156|0x0000000089c00000, 0x0000000089c00000, 0x0000000089d00000|  0%| F|  |TAMS 0x0000000089c00000, 0x0000000089c00000| Untracked 
| 157|0x0000000089d00000, 0x0000000089d00000, 0x0000000089e00000|  0%| F|  |TAMS 0x0000000089d00000, 0x0000000089d00000| Untracked 
| 158|0x0000000089e00000, 0x0000000089e00000, 0x0000000089f00000|  0%| F|  |TAMS 0x0000000089e00000, 0x0000000089e00000| Untracked 
| 159|0x0000000089f00000, 0x0000000089f00000, 0x000000008a000000|  0%| F|  |TAMS 0x0000000089f00000, 0x0000000089f00000| Untracked 
| 160|0x000000008a000000, 0x000000008a000000, 0x000000008a100000|  0%| F|  |TAMS 0x000000008a000000, 0x000000008a000000| Untracked 
| 161|0x000000008a100000, 0x000000008a100000, 0x000000008a200000|  0%| F|  |TAMS 0x000000008a100000, 0x000000008a100000| Untracked 
| 162|0x000000008a200000, 0x000000008a200000, 0x000000008a300000|  0%| F|  |TAMS 0x000000008a200000, 0x000000008a200000| Untracked 
| 163|0x000000008a300000, 0x000000008a300000, 0x000000008a400000|  0%| F|  |TAMS 0x000000008a300000, 0x000000008a300000| Untracked 
| 164|0x000000008a400000, 0x000000008a400000, 0x000000008a500000|  0%| F|  |TAMS 0x000000008a400000, 0x000000008a400000| Untracked 
| 165|0x000000008a500000, 0x000000008a500000, 0x000000008a600000|  0%| F|  |TAMS 0x000000008a500000, 0x000000008a500000| Untracked 
| 166|0x000000008a600000, 0x000000008a600000, 0x000000008a700000|  0%| F|  |TAMS 0x000000008a600000, 0x000000008a600000| Untracked 
| 167|0x000000008a700000, 0x000000008a700000, 0x000000008a800000|  0%| F|  |TAMS 0x000000008a700000, 0x000000008a700000| Untracked 
| 168|0x000000008a800000, 0x000000008a800000, 0x000000008a900000|  0%| F|  |TAMS 0x000000008a800000, 0x000000008a800000| Untracked 
| 169|0x000000008a900000, 0x000000008a91a3b8, 0x000000008aa00000| 10%| S|CS|TAMS 0x000000008a900000, 0x000000008a900000| Complete 
| 170|0x000000008aa00000, 0x000000008ab00000, 0x000000008ab00000|100%| S|CS|TAMS 0x000000008aa00000, 0x000000008aa00000| Complete 
| 171|0x000000008ab00000, 0x000000008ac00000, 0x000000008ac00000|100%| S|CS|TAMS 0x000000008ab00000, 0x000000008ab00000| Complete 
| 172|0x000000008ac00000, 0x000000008ad00000, 0x000000008ad00000|100%| S|CS|TAMS 0x000000008ac00000, 0x000000008ac00000| Complete 
| 173|0x000000008ad00000, 0x000000008ae00000, 0x000000008ae00000|100%| S|CS|TAMS 0x000000008ad00000, 0x000000008ad00000| Complete 
| 174|0x000000008ae00000, 0x000000008af00000, 0x000000008af00000|100%| S|CS|TAMS 0x000000008ae00000, 0x000000008ae00000| Complete 
| 175|0x000000008af00000, 0x000000008af00000, 0x000000008b000000|  0%| F|  |TAMS 0x000000008af00000, 0x000000008af00000| Untracked 
| 176|0x000000008b000000, 0x000000008b000000, 0x000000008b100000|  0%| F|  |TAMS 0x000000008b000000, 0x000000008b000000| Untracked 
| 177|0x000000008b100000, 0x000000008b100000, 0x000000008b200000|  0%| F|  |TAMS 0x000000008b100000, 0x000000008b100000| Untracked 
| 178|0x000000008b200000, 0x000000008b200000, 0x000000008b300000|  0%| F|  |TAMS 0x000000008b200000, 0x000000008b200000| Untracked 
| 179|0x000000008b300000, 0x000000008b300000, 0x000000008b400000|  0%| F|  |TAMS 0x000000008b300000, 0x000000008b300000| Untracked 
| 180|0x000000008b400000, 0x000000008b400000, 0x000000008b500000|  0%| F|  |TAMS 0x000000008b400000, 0x000000008b400000| Untracked 
| 181|0x000000008b500000, 0x000000008b500000, 0x000000008b600000|  0%| F|  |TAMS 0x000000008b500000, 0x000000008b500000| Untracked 
| 182|0x000000008b600000, 0x000000008b600000, 0x000000008b700000|  0%| F|  |TAMS 0x000000008b600000, 0x000000008b600000| Untracked 
| 183|0x000000008b700000, 0x000000008b700000, 0x000000008b800000|  0%| F|  |TAMS 0x000000008b700000, 0x000000008b700000| Untracked 
| 184|0x000000008b800000, 0x000000008b800000, 0x000000008b900000|  0%| F|  |TAMS 0x000000008b800000, 0x000000008b800000| Untracked 
| 185|0x000000008b900000, 0x000000008b9817a0, 0x000000008ba00000| 50%| E|  |TAMS 0x000000008b900000, 0x000000008b900000| Complete 
| 186|0x000000008ba00000, 0x000000008bb00000, 0x000000008bb00000|100%| E|CS|TAMS 0x000000008ba00000, 0x000000008ba00000| Complete 
| 187|0x000000008bb00000, 0x000000008bc00000, 0x000000008bc00000|100%| E|CS|TAMS 0x000000008bb00000, 0x000000008bb00000| Complete 
| 188|0x000000008bc00000, 0x000000008bd00000, 0x000000008bd00000|100%| E|CS|TAMS 0x000000008bc00000, 0x000000008bc00000| Complete 
| 189|0x000000008bd00000, 0x000000008be00000, 0x000000008be00000|100%| E|CS|TAMS 0x000000008bd00000, 0x000000008bd00000| Complete 
| 190|0x000000008be00000, 0x000000008bf00000, 0x000000008bf00000|100%| E|CS|TAMS 0x000000008be00000, 0x000000008be00000| Complete 
| 191|0x000000008bf00000, 0x000000008c000000, 0x000000008c000000|100%| E|CS|TAMS 0x000000008bf00000, 0x000000008bf00000| Complete 
| 192|0x000000008c000000, 0x000000008c100000, 0x000000008c100000|100%| E|CS|TAMS 0x000000008c000000, 0x000000008c000000| Complete 
| 193|0x000000008c100000, 0x000000008c200000, 0x000000008c200000|100%| E|CS|TAMS 0x000000008c100000, 0x000000008c100000| Complete 
| 194|0x000000008c200000, 0x000000008c300000, 0x000000008c300000|100%| E|CS|TAMS 0x000000008c200000, 0x000000008c200000| Complete 
| 195|0x000000008c300000, 0x000000008c400000, 0x000000008c400000|100%| E|CS|TAMS 0x000000008c300000, 0x000000008c300000| Complete 
| 196|0x000000008c400000, 0x000000008c500000, 0x000000008c500000|100%| E|CS|TAMS 0x000000008c400000, 0x000000008c400000| Complete 
| 197|0x000000008c500000, 0x000000008c600000, 0x000000008c600000|100%| E|CS|TAMS 0x000000008c500000, 0x000000008c500000| Complete 
| 198|0x000000008c600000, 0x000000008c700000, 0x000000008c700000|100%| E|CS|TAMS 0x000000008c600000, 0x000000008c600000| Complete 
| 199|0x000000008c700000, 0x000000008c800000, 0x000000008c800000|100%| E|CS|TAMS 0x000000008c700000, 0x000000008c700000| Complete 
| 200|0x000000008c800000, 0x000000008c900000, 0x000000008c900000|100%| E|CS|TAMS 0x000000008c800000, 0x000000008c800000| Complete 
| 201|0x000000008c900000, 0x000000008ca00000, 0x000000008ca00000|100%| E|  |TAMS 0x000000008c900000, 0x000000008c900000| Complete 
| 202|0x000000008ca00000, 0x000000008cb00000, 0x000000008cb00000|100%| E|CS|TAMS 0x000000008ca00000, 0x000000008ca00000| Complete 
| 203|0x000000008cb00000, 0x000000008cc00000, 0x000000008cc00000|100%| E|CS|TAMS 0x000000008cb00000, 0x000000008cb00000| Complete 
| 204|0x000000008cc00000, 0x000000008cd00000, 0x000000008cd00000|100%| E|CS|TAMS 0x000000008cc00000, 0x000000008cc00000| Complete 
| 205|0x000000008cd00000, 0x000000008ce00000, 0x000000008ce00000|100%| E|CS|TAMS 0x000000008cd00000, 0x000000008cd00000| Complete 
| 206|0x000000008ce00000, 0x000000008cf00000, 0x000000008cf00000|100%| E|CS|TAMS 0x000000008ce00000, 0x000000008ce00000| Complete 
| 207|0x000000008cf00000, 0x000000008d000000, 0x000000008d000000|100%| E|CS|TAMS 0x000000008cf00000, 0x000000008cf00000| Complete 
| 208|0x000000008d000000, 0x000000008d100000, 0x000000008d100000|100%| E|CS|TAMS 0x000000008d000000, 0x000000008d000000| Complete 
| 209|0x000000008d100000, 0x000000008d200000, 0x000000008d200000|100%| E|CS|TAMS 0x000000008d100000, 0x000000008d100000| Complete 
| 210|0x000000008d200000, 0x000000008d300000, 0x000000008d300000|100%| E|CS|TAMS 0x000000008d200000, 0x000000008d200000| Complete 
| 211|0x000000008d300000, 0x000000008d400000, 0x000000008d400000|100%| E|CS|TAMS 0x000000008d300000, 0x000000008d300000| Complete 
| 212|0x000000008d400000, 0x000000008d500000, 0x000000008d500000|100%| E|CS|TAMS 0x000000008d400000, 0x000000008d400000| Complete 
| 213|0x000000008d500000, 0x000000008d600000, 0x000000008d600000|100%| E|CS|TAMS 0x000000008d500000, 0x000000008d500000| Complete 
| 214|0x000000008d600000, 0x000000008d700000, 0x000000008d700000|100%| E|CS|TAMS 0x000000008d600000, 0x000000008d600000| Complete 
| 215|0x000000008d700000, 0x000000008d800000, 0x000000008d800000|100%| E|CS|TAMS 0x000000008d700000, 0x000000008d700000| Complete 
| 216|0x000000008d800000, 0x000000008d900000, 0x000000008d900000|100%| E|CS|TAMS 0x000000008d800000, 0x000000008d800000| Complete 
| 217|0x000000008d900000, 0x000000008da00000, 0x000000008da00000|100%| E|CS|TAMS 0x000000008d900000, 0x000000008d900000| Complete 
| 218|0x000000008da00000, 0x000000008db00000, 0x000000008db00000|100%| E|CS|TAMS 0x000000008da00000, 0x000000008da00000| Complete 
| 219|0x000000008db00000, 0x000000008dc00000, 0x000000008dc00000|100%| E|CS|TAMS 0x000000008db00000, 0x000000008db00000| Complete 
| 220|0x000000008dc00000, 0x000000008dd00000, 0x000000008dd00000|100%| E|CS|TAMS 0x000000008dc00000, 0x000000008dc00000| Complete 
| 221|0x000000008dd00000, 0x000000008de00000, 0x000000008de00000|100%| E|CS|TAMS 0x000000008dd00000, 0x000000008dd00000| Complete 
| 222|0x000000008de00000, 0x000000008df00000, 0x000000008df00000|100%| E|CS|TAMS 0x000000008de00000, 0x000000008de00000| Complete 
| 223|0x000000008df00000, 0x000000008e000000, 0x000000008e000000|100%| E|CS|TAMS 0x000000008df00000, 0x000000008df00000| Complete 
| 224|0x000000008e000000, 0x000000008e100000, 0x000000008e100000|100%| E|CS|TAMS 0x000000008e000000, 0x000000008e000000| Complete 
| 225|0x000000008e100000, 0x000000008e200000, 0x000000008e200000|100%| E|CS|TAMS 0x000000008e100000, 0x000000008e100000| Complete 
| 226|0x000000008e200000, 0x000000008e300000, 0x000000008e300000|100%| E|CS|TAMS 0x000000008e200000, 0x000000008e200000| Complete 
| 227|0x000000008e300000, 0x000000008e400000, 0x000000008e400000|100%| E|CS|TAMS 0x000000008e300000, 0x000000008e300000| Complete 
| 228|0x000000008e400000, 0x000000008e500000, 0x000000008e500000|100%| E|CS|TAMS 0x000000008e400000, 0x000000008e400000| Complete 
| 229|0x000000008e500000, 0x000000008e600000, 0x000000008e600000|100%| E|CS|TAMS 0x000000008e500000, 0x000000008e500000| Complete 
| 230|0x000000008e600000, 0x000000008e700000, 0x000000008e700000|100%| E|CS|TAMS 0x000000008e600000, 0x000000008e600000| Complete 
| 231|0x000000008e700000, 0x000000008e800000, 0x000000008e800000|100%| E|CS|TAMS 0x000000008e700000, 0x000000008e700000| Complete 
| 232|0x000000008e800000, 0x000000008e900000, 0x000000008e900000|100%| E|CS|TAMS 0x000000008e800000, 0x000000008e800000| Complete 
| 233|0x000000008e900000, 0x000000008ea00000, 0x000000008ea00000|100%| E|CS|TAMS 0x000000008e900000, 0x000000008e900000| Complete 
| 234|0x000000008ea00000, 0x000000008eb00000, 0x000000008eb00000|100%| E|CS|TAMS 0x000000008ea00000, 0x000000008ea00000| Complete 
| 235|0x000000008eb00000, 0x000000008ec00000, 0x000000008ec00000|100%| E|CS|TAMS 0x000000008eb00000, 0x000000008eb00000| Complete 
| 236|0x000000008ec00000, 0x000000008ed00000, 0x000000008ed00000|100%| E|CS|TAMS 0x000000008ec00000, 0x000000008ec00000| Complete 
| 237|0x000000008ed00000, 0x000000008ee00000, 0x000000008ee00000|100%| E|CS|TAMS 0x000000008ed00000, 0x000000008ed00000| Complete 
| 238|0x000000008ee00000, 0x000000008ef00000, 0x000000008ef00000|100%| E|CS|TAMS 0x000000008ee00000, 0x000000008ee00000| Complete 
| 239|0x000000008ef00000, 0x000000008f000000, 0x000000008f000000|100%| E|CS|TAMS 0x000000008ef00000, 0x000000008ef00000| Complete 
| 240|0x000000008f000000, 0x000000008f100000, 0x000000008f100000|100%| E|CS|TAMS 0x000000008f000000, 0x000000008f000000| Complete 
| 241|0x000000008f100000, 0x000000008f200000, 0x000000008f200000|100%| E|CS|TAMS 0x000000008f100000, 0x000000008f100000| Complete 
| 242|0x000000008f200000, 0x000000008f300000, 0x000000008f300000|100%| E|CS|TAMS 0x000000008f200000, 0x000000008f200000| Complete 
| 243|0x000000008f300000, 0x000000008f400000, 0x000000008f400000|100%| E|CS|TAMS 0x000000008f300000, 0x000000008f300000| Complete 
| 244|0x000000008f400000, 0x000000008f500000, 0x000000008f500000|100%| E|CS|TAMS 0x000000008f400000, 0x000000008f400000| Complete 
| 245|0x000000008f500000, 0x000000008f600000, 0x000000008f600000|100%| E|CS|TAMS 0x000000008f500000, 0x000000008f500000| Complete 
| 246|0x000000008f600000, 0x000000008f700000, 0x000000008f700000|100%| E|CS|TAMS 0x000000008f600000, 0x000000008f600000| Complete 
| 247|0x000000008f700000, 0x000000008f800000, 0x000000008f800000|100%| E|CS|TAMS 0x000000008f700000, 0x000000008f700000| Complete 
| 248|0x000000008f800000, 0x000000008f900000, 0x000000008f900000|100%| E|CS|TAMS 0x000000008f800000, 0x000000008f800000| Complete 
| 249|0x000000008f900000, 0x000000008fa00000, 0x000000008fa00000|100%| E|CS|TAMS 0x000000008f900000, 0x000000008f900000| Complete 
| 250|0x000000008fa00000, 0x000000008fb00000, 0x000000008fb00000|100%| E|CS|TAMS 0x000000008fa00000, 0x000000008fa00000| Complete 
| 251|0x000000008fb00000, 0x000000008fc00000, 0x000000008fc00000|100%| E|CS|TAMS 0x000000008fb00000, 0x000000008fb00000| Complete 
| 252|0x000000008fc00000, 0x000000008fd00000, 0x000000008fd00000|100%| E|CS|TAMS 0x000000008fc00000, 0x000000008fc00000| Complete 
| 253|0x000000008fd00000, 0x000000008fe00000, 0x000000008fe00000|100%| E|CS|TAMS 0x000000008fd00000, 0x000000008fd00000| Complete 
| 254|0x000000008fe00000, 0x000000008ff00000, 0x000000008ff00000|100%| E|CS|TAMS 0x000000008fe00000, 0x000000008fe00000| Complete 
| 255|0x000000008ff00000, 0x0000000090000000, 0x0000000090000000|100%| E|CS|TAMS 0x000000008ff00000, 0x000000008ff00000| Complete 
| 256|0x0000000090000000, 0x0000000090100000, 0x0000000090100000|100%| E|CS|TAMS 0x0000000090000000, 0x0000000090000000| Complete 
| 257|0x0000000090100000, 0x0000000090200000, 0x0000000090200000|100%| E|CS|TAMS 0x0000000090100000, 0x0000000090100000| Complete 
| 258|0x0000000090200000, 0x0000000090300000, 0x0000000090300000|100%| E|CS|TAMS 0x0000000090200000, 0x0000000090200000| Complete 
| 259|0x0000000090300000, 0x0000000090400000, 0x0000000090400000|100%| E|CS|TAMS 0x0000000090300000, 0x0000000090300000| Complete 
| 260|0x0000000090400000, 0x0000000090500000, 0x0000000090500000|100%| E|CS|TAMS 0x0000000090400000, 0x0000000090400000| Complete 
| 261|0x0000000090500000, 0x0000000090600000, 0x0000000090600000|100%| E|CS|TAMS 0x0000000090500000, 0x0000000090500000| Complete 
| 262|0x0000000090600000, 0x0000000090700000, 0x0000000090700000|100%| E|CS|TAMS 0x0000000090600000, 0x0000000090600000| Complete 
| 263|0x0000000090700000, 0x0000000090800000, 0x0000000090800000|100%| E|CS|TAMS 0x0000000090700000, 0x0000000090700000| Complete 
| 264|0x0000000090800000, 0x0000000090900000, 0x0000000090900000|100%| E|CS|TAMS 0x0000000090800000, 0x0000000090800000| Complete 
| 265|0x0000000090900000, 0x0000000090a00000, 0x0000000090a00000|100%| E|CS|TAMS 0x0000000090900000, 0x0000000090900000| Complete 
| 266|0x0000000090a00000, 0x0000000090b00000, 0x0000000090b00000|100%| E|CS|TAMS 0x0000000090a00000, 0x0000000090a00000| Complete 
| 267|0x0000000090b00000, 0x0000000090c00000, 0x0000000090c00000|100%| E|CS|TAMS 0x0000000090b00000, 0x0000000090b00000| Complete 
| 268|0x0000000090c00000, 0x0000000090d00000, 0x0000000090d00000|100%| E|CS|TAMS 0x0000000090c00000, 0x0000000090c00000| Complete 
| 269|0x0000000090d00000, 0x0000000090e00000, 0x0000000090e00000|100%| E|CS|TAMS 0x0000000090d00000, 0x0000000090d00000| Complete 
| 270|0x0000000090e00000, 0x0000000090f00000, 0x0000000090f00000|100%| E|CS|TAMS 0x0000000090e00000, 0x0000000090e00000| Complete 
| 271|0x0000000090f00000, 0x0000000091000000, 0x0000000091000000|100%| E|CS|TAMS 0x0000000090f00000, 0x0000000090f00000| Complete 
| 272|0x0000000091000000, 0x0000000091100000, 0x0000000091100000|100%| E|CS|TAMS 0x0000000091000000, 0x0000000091000000| Complete 
| 273|0x0000000091100000, 0x0000000091200000, 0x0000000091200000|100%| E|CS|TAMS 0x0000000091100000, 0x0000000091100000| Complete 
| 274|0x0000000091200000, 0x0000000091300000, 0x0000000091300000|100%| E|CS|TAMS 0x0000000091200000, 0x0000000091200000| Complete 
| 275|0x0000000091300000, 0x0000000091400000, 0x0000000091400000|100%| E|CS|TAMS 0x0000000091300000, 0x0000000091300000| Complete 
| 276|0x0000000091400000, 0x0000000091500000, 0x0000000091500000|100%| E|CS|TAMS 0x0000000091400000, 0x0000000091400000| Complete 
| 277|0x0000000091500000, 0x0000000091600000, 0x0000000091600000|100%| E|CS|TAMS 0x0000000091500000, 0x0000000091500000| Complete 
| 278|0x0000000091600000, 0x0000000091700000, 0x0000000091700000|100%| E|CS|TAMS 0x0000000091600000, 0x0000000091600000| Complete 
| 279|0x0000000091700000, 0x0000000091800000, 0x0000000091800000|100%| E|CS|TAMS 0x0000000091700000, 0x0000000091700000| Complete 
| 280|0x0000000091800000, 0x0000000091900000, 0x0000000091900000|100%| E|CS|TAMS 0x0000000091800000, 0x0000000091800000| Complete 
| 281|0x0000000091900000, 0x0000000091a00000, 0x0000000091a00000|100%| E|CS|TAMS 0x0000000091900000, 0x0000000091900000| Complete 
| 282|0x0000000091a00000, 0x0000000091b00000, 0x0000000091b00000|100%| E|CS|TAMS 0x0000000091a00000, 0x0000000091a00000| Complete 
| 283|0x0000000091b00000, 0x0000000091c00000, 0x0000000091c00000|100%| E|CS|TAMS 0x0000000091b00000, 0x0000000091b00000| Complete 
| 284|0x0000000091c00000, 0x0000000091d00000, 0x0000000091d00000|100%| E|CS|TAMS 0x0000000091c00000, 0x0000000091c00000| Complete 
| 285|0x0000000091d00000, 0x0000000091e00000, 0x0000000091e00000|100%| E|CS|TAMS 0x0000000091d00000, 0x0000000091d00000| Complete 
| 286|0x0000000091e00000, 0x0000000091f00000, 0x0000000091f00000|100%| E|CS|TAMS 0x0000000091e00000, 0x0000000091e00000| Complete 
| 287|0x0000000091f00000, 0x0000000092000000, 0x0000000092000000|100%| E|CS|TAMS 0x0000000091f00000, 0x0000000091f00000| Complete 
| 288|0x0000000092000000, 0x0000000092100000, 0x0000000092100000|100%| E|CS|TAMS 0x0000000092000000, 0x0000000092000000| Complete 
| 289|0x0000000092100000, 0x0000000092200000, 0x0000000092200000|100%| E|CS|TAMS 0x0000000092100000, 0x0000000092100000| Complete 
| 290|0x0000000092200000, 0x0000000092300000, 0x0000000092300000|100%| E|CS|TAMS 0x0000000092200000, 0x0000000092200000| Complete 
| 291|0x0000000092300000, 0x0000000092400000, 0x0000000092400000|100%| E|CS|TAMS 0x0000000092300000, 0x0000000092300000| Complete 
| 292|0x0000000092400000, 0x0000000092500000, 0x0000000092500000|100%| E|CS|TAMS 0x0000000092400000, 0x0000000092400000| Complete 
| 293|0x0000000092500000, 0x0000000092600000, 0x0000000092600000|100%| E|CS|TAMS 0x0000000092500000, 0x0000000092500000| Complete 
| 294|0x0000000092600000, 0x0000000092700000, 0x0000000092700000|100%| E|CS|TAMS 0x0000000092600000, 0x0000000092600000| Complete 
| 295|0x0000000092700000, 0x0000000092800000, 0x0000000092800000|100%| E|CS|TAMS 0x0000000092700000, 0x0000000092700000| Complete 

Card table byte_map: [0x000001f25c4e0000,0x000001f25c8e0000] _byte_map_base: 0x000001f25c0e0000

Marking Bits (Prev, Next): (CMBitMap*) 0x000001f248d3a888, (CMBitMap*) 0x000001f248d3a8c0
 Prev Bits: [0x000001f25cce0000, 0x000001f25ece0000)
 Next Bits: [0x000001f25ece0000, 0x000001f260ce0000)

Polling page: 0x000001f247490000

Metaspace:

Usage:
  Non-class:     82.73 MB capacity,    81.26 MB ( 98%) used,     1.19 MB (  1%) free+waste,   284.25 KB ( <1%) overhead. 
      Class:     12.74 MB capacity,    11.86 MB ( 93%) used,   776.32 KB (  6%) free+waste,   127.19 KB ( <1%) overhead. 
       Both:     95.47 MB capacity,    93.12 MB ( 98%) used,     1.95 MB (  2%) free+waste,   411.44 KB ( <1%) overhead. 

Virtual space:
  Non-class space:       84.00 MB reserved,      82.95 MB ( 99%) committed 
      Class space:        1.00 GB reserved,      12.75 MB (  1%) committed 
             Both:        1.08 GB reserved,      95.70 MB (  9%) committed 

Chunk freelists:
   Non-Class:  0 bytes
       Class:  0 bytes
        Both:  0 bytes

MaxMetaspaceSize: 17179869184.00 GB
CompressedClassSpaceSize: 1.00 GB

CodeHeap 'non-profiled nmethods': size=120000Kb used=10052Kb max_used=10052Kb free=109947Kb
 bounds [0x000001f254150000, 0x000001f254b30000, 0x000001f25b680000]
CodeHeap 'profiled nmethods': size=120000Kb used=29416Kb max_used=29416Kb free=90583Kb
 bounds [0x000001f24cc20000, 0x000001f24e8f0000, 0x000001f254150000]
CodeHeap 'non-nmethods': size=5760Kb used=2275Kb max_used=2345Kb free=3484Kb
 bounds [0x000001f24c680000, 0x000001f24c8f0000, 0x000001f24cc20000]
 total_blobs=15178 nmethods=14301 adapters=788
 compilation: enabled
              stopped_count=0, restarted_count=0
 full_count=0

Compilation events (20 events):
Event: 207.081 Thread 0x000001f266752000 15188       4       com.google.common.cache.LocalCache$Segment::evictEntries (106 bytes)
Event: 207.081 Thread 0x000001f2637fc000 nmethod 15268 0x000001f24e8de010 code [0x000001f24e8de240, 0x000001f24e8dea78]
Event: 207.081 Thread 0x000001f2637fc000 15270       1       org.gradle.api.internal.tasks.TaskStateInternal::getOutcome (5 bytes)
Event: 207.081 Thread 0x000001f2637fc000 nmethod 15270 0x000001f254b1c690 code [0x000001f254b1c840, 0x000001f254b1c8f8]
Event: 207.081 Thread 0x000001f2637fc000 15271       1       org.gradle.tooling.events.task.internal.DefaultTaskSuccessResult::isUpToDate (5 bytes)
Event: 207.081 Thread 0x000001f2637fc000 nmethod 15271 0x000001f254b1c990 code [0x000001f254b1cb40, 0x000001f254b1cbf8]
Event: 207.081 Thread 0x000001f2637fc000 15272       1       org.gradle.tooling.events.internal.DefaultOperationSuccessResult::getStartTime (5 bytes)
Event: 207.081 Thread 0x000001f2637fc000 nmethod 15272 0x000001f254b1cc90 code [0x000001f254b1ce40, 0x000001f254b1cef8]
Event: 207.081 Thread 0x000001f2637fc000 15273       1       org.gradle.tooling.events.internal.DefaultOperationSuccessResult::getEndTime (5 bytes)
Event: 207.081 Thread 0x000001f2637fc000 nmethod 15273 0x000001f254b1cf90 code [0x000001f254b1d140, 0x000001f254b1d1f8]
Event: 207.083 Thread 0x000001f266752000 nmethod 15188 0x000001f254b1d290 code [0x000001f254b1d440, 0x000001f254b1d5a8]
Event: 207.083 Thread 0x000001f266752000 15208       4       com.google.common.collect.ImmutableSortedMap::size (8 bytes)
Event: 207.083 Thread 0x000001f266752000 nmethod 15208 0x000001f254b1d790 code [0x000001f254b1d920, 0x000001f254b1d9b8]
Event: 207.083 Thread 0x000001f266752000 15181       4       org.gradle.internal.snapshot.AbstractIncompleteSnapshotWithChildren$2::<init> (32 bytes)
Event: 207.085 Thread 0x000001f2637fc000 15274       1       org.gradle.api.internal.tasks.properties.DefaultTaskProperties::getInputFileProperties (5 bytes)
Event: 207.086 Thread 0x000001f2637fc000 nmethod 15274 0x000001f254b1da90 code [0x000001f254b1dc40, 0x000001f254b1dcf8]
Event: 207.086 Thread 0x000001f2637fc000 15275       2       com.google.common.collect.ForwardingMapEntry::getValue (10 bytes)
Event: 207.086 Thread 0x000001f2637fc000 nmethod 15275 0x000001f24e8ded90 code [0x000001f24e8def60, 0x000001f24e8df098]
Event: 207.088 Thread 0x000001f266752000 nmethod 15181 0x000001f254b1dd90 code [0x000001f254b1df20, 0x000001f254b1e378]
Event: 207.088 Thread 0x000001f266752000 15177       4       java.util.concurrent.TimeUnit::convert (77 bytes)

GC Heap History (20 events):
Event: 13.387 GC heap before
{Heap before GC invocations=32 (full 0):
 garbage-first heap   total 303104K, used 239521K [0x0000000080000000, 0x0000000100000000)
  region size 1024K, 45 young (46080K), 6 survivors (6144K)
 Metaspace       used 85177K, capacity 87351K, committed 87500K, reserved 1124352K
  class space    used 11167K, capacity 11953K, committed 12032K, reserved 1048576K
}
Event: 13.394 GC heap after
{Heap after GC invocations=33 (full 0):
 garbage-first heap   total 303104K, used 202649K [0x0000000080000000, 0x0000000100000000)
  region size 1024K, 3 young (3072K), 3 survivors (3072K)
 Metaspace       used 85177K, capacity 87351K, committed 87500K, reserved 1124352K
  class space    used 11167K, capacity 11953K, committed 12032K, reserved 1048576K
}
Event: 13.996 GC heap before
{Heap before GC invocations=33 (full 0):
 garbage-first heap   total 303104K, used 240537K [0x0000000080000000, 0x0000000100000000)
  region size 1024K, 40 young (40960K), 3 survivors (3072K)
 Metaspace       used 87039K, capacity 89227K, committed 89292K, reserved 1126400K
  class space    used 11436K, capacity 12242K, committed 12288K, reserved 1048576K
}
Event: 14.000 GC heap after
{Heap after GC invocations=34 (full 0):
 garbage-first heap   total 303104K, used 193940K [0x0000000080000000, 0x0000000100000000)
  region size 1024K, 4 young (4096K), 4 survivors (4096K)
 Metaspace       used 87039K, capacity 89227K, committed 89292K, reserved 1126400K
  class space    used 11436K, capacity 12242K, committed 12288K, reserved 1048576K
}
Event: 14.713 GC heap before
{Heap before GC invocations=35 (full 0):
 garbage-first heap   total 303104K, used 231828K [0x0000000080000000, 0x0000000100000000)
  region size 1024K, 46 young (47104K), 4 survivors (4096K)
 Metaspace       used 92446K, capacity 94797K, committed 95052K, reserved 1132544K
  class space    used 12024K, capacity 12890K, committed 12928K, reserved 1048576K
}
Event: 14.719 GC heap after
{Heap after GC invocations=36 (full 0):
 garbage-first heap   total 303104K, used 163323K [0x0000000080000000, 0x0000000100000000)
  region size 1024K, 4 young (4096K), 4 survivors (4096K)
 Metaspace       used 92446K, capacity 94797K, committed 95052K, reserved 1132544K
  class space    used 12024K, capacity 12890K, committed 12928K, reserved 1048576K
}
Event: 39.631 GC heap before
{Heap before GC invocations=36 (full 0):
 garbage-first heap   total 303104K, used 173563K [0x0000000080000000, 0x0000000100000000)
  region size 1024K, 14 young (14336K), 4 survivors (4096K)
 Metaspace       used 93371K, capacity 95722K, committed 95948K, reserved 1132544K
  class space    used 12077K, capacity 12931K, committed 13056K, reserved 1048576K
}
Event: 39.652 GC heap after
{Heap after GC invocations=37 (full 0):
 garbage-first heap   total 303104K, used 144368K [0x0000000080000000, 0x0000000100000000)
  region size 1024K, 2 young (2048K), 2 survivors (2048K)
 Metaspace       used 93371K, capacity 95722K, committed 95948K, reserved 1132544K
  class space    used 12077K, capacity 12931K, committed 13056K, reserved 1048576K
}
Event: 40.453 GC heap before
{Heap before GC invocations=37 (full 0):
 garbage-first heap   total 303104K, used 208880K [0x0000000080000000, 0x0000000100000000)
  region size 1024K, 66 young (67584K), 2 survivors (2048K)
 Metaspace       used 93912K, capacity 96282K, committed 96460K, reserved 1132544K
  class space    used 12084K, capacity 12944K, committed 13056K, reserved 1048576K
}
Event: 40.462 GC heap after
{Heap after GC invocations=38 (full 0):
 garbage-first heap   total 303104K, used 147368K [0x0000000080000000, 0x0000000100000000)
  region size 1024K, 5 young (5120K), 5 survivors (5120K)
 Metaspace       used 93912K, capacity 96282K, committed 96460K, reserved 1132544K
  class space    used 12084K, capacity 12944K, committed 13056K, reserved 1048576K
}
Event: 40.958 GC heap before
{Heap before GC invocations=39 (full 0):
 garbage-first heap   total 303104K, used 184232K [0x0000000080000000, 0x0000000100000000)
  region size 1024K, 73 young (74752K), 5 survivors (5120K)
 Metaspace       used 94061K, capacity 96423K, committed 96716K, reserved 1132544K
  class space    used 12085K, capacity 12946K, committed 13056K, reserved 1048576K
}
Event: 40.965 GC heap after
{Heap after GC invocations=40 (full 0):
 garbage-first heap   total 303104K, used 116841K [0x0000000080000000, 0x0000000100000000)
  region size 1024K, 6 young (6144K), 6 survivors (6144K)
 Metaspace       used 94061K, capacity 96423K, committed 96716K, reserved 1132544K
  class space    used 12085K, capacity 12946K, committed 13056K, reserved 1048576K
}
Event: 41.014 GC heap before
{Heap before GC invocations=40 (full 0):
 garbage-first heap   total 303104K, used 125033K [0x0000000080000000, 0x0000000100000000)
  region size 1024K, 14 young (14336K), 6 survivors (6144K)
 Metaspace       used 94072K, capacity 96423K, committed 96716K, reserved 1132544K
  class space    used 12085K, capacity 12946K, committed 13056K, reserved 1048576K
}
Event: 41.021 GC heap after
{Heap after GC invocations=41 (full 0):
 garbage-first heap   total 303104K, used 87141K [0x0000000080000000, 0x0000000100000000)
  region size 1024K, 1 young (1024K), 1 survivors (1024K)
 Metaspace       used 94072K, capacity 96423K, committed 96716K, reserved 1132544K
  class space    used 12085K, capacity 12946K, committed 13056K, reserved 1048576K
}
Event: 41.090 GC heap before
{Heap before GC invocations=41 (full 0):
 garbage-first heap   total 303104K, used 99429K [0x0000000080000000, 0x0000000100000000)
  region size 1024K, 14 young (14336K), 1 survivors (1024K)
 Metaspace       used 94109K, capacity 96432K, committed 96716K, reserved 1132544K
  class space    used 12086K, capacity 12947K, committed 13056K, reserved 1048576K
}
Event: 41.094 GC heap after
{Heap after GC invocations=42 (full 0):
 garbage-first heap   total 303104K, used 84468K [0x0000000080000000, 0x0000000100000000)
  region size 1024K, 1 young (1024K), 1 survivors (1024K)
 Metaspace       used 94109K, capacity 96432K, committed 96716K, reserved 1132544K
  class space    used 12086K, capacity 12947K, committed 13056K, reserved 1048576K
}
Event: 76.670 GC heap before
{Heap before GC invocations=42 (full 0):
 garbage-first heap   total 303104K, used 188916K [0x0000000080000000, 0x0000000100000000)
  region size 1024K, 104 young (106496K), 1 survivors (1024K)
 Metaspace       used 94702K, capacity 97110K, committed 97228K, reserved 1134592K
  class space    used 12105K, capacity 12979K, committed 13056K, reserved 1048576K
}
Event: 76.676 GC heap after
{Heap after GC invocations=43 (full 0):
 garbage-first heap   total 303104K, used 89591K [0x0000000080000000, 0x0000000100000000)
  region size 1024K, 6 young (6144K), 6 survivors (6144K)
 Metaspace       used 94702K, capacity 97110K, committed 97228K, reserved 1134592K
  class space    used 12105K, capacity 12979K, committed 13056K, reserved 1048576K
}
Event: 206.632 GC heap before
{Heap before GC invocations=43 (full 0):
 garbage-first heap   total 303104K, used 206327K [0x0000000080000000, 0x0000000100000000)
  region size 1024K, 121 young (123904K), 6 survivors (6144K)
 Metaspace       used 95188K, capacity 97643K, committed 97740K, reserved 1134592K
  class space    used 12122K, capacity 13010K, committed 13056K, reserved 1048576K
}
Event: 206.638 GC heap after
{Heap after GC invocations=44 (full 0):
 garbage-first heap   total 303104K, used 89152K [0x0000000080000000, 0x0000000100000000)
  region size 1024K, 6 young (6144K), 6 survivors (6144K)
 Metaspace       used 95188K, capacity 97643K, committed 97740K, reserved 1134592K
  class space    used 12122K, capacity 13010K, committed 13056K, reserved 1048576K
}

Deoptimization events (20 events):
Event: 206.428 Thread 0x000001f26886c800 DEOPT PACKING pc=0x000001f24d9291a9 sp=0x00000046d78f9ce0
Event: 206.428 Thread 0x000001f26886c800 DEOPT UNPACKING pc=0x000001f24c6a72ce sp=0x00000046d78f9198 mode 0
Event: 206.428 Thread 0x000001f26886c800 DEOPT PACKING pc=0x000001f24d9291a9 sp=0x00000046d78f9c50
Event: 206.428 Thread 0x000001f26886c800 DEOPT UNPACKING pc=0x000001f24c6a72ce sp=0x00000046d78f9118 mode 0
Event: 206.435 Thread 0x000001f26886c800 DEOPT PACKING pc=0x000001f24d9291a9 sp=0x00000046d78f9c40
Event: 206.435 Thread 0x000001f26886c800 DEOPT UNPACKING pc=0x000001f24c6a72ce sp=0x00000046d78f9108 mode 0
Event: 206.436 Thread 0x000001f26886c800 DEOPT PACKING pc=0x000001f24d9291a9 sp=0x00000046d78f9c40
Event: 206.436 Thread 0x000001f26886c800 DEOPT UNPACKING pc=0x000001f24c6a72ce sp=0x00000046d78f9108 mode 0
Event: 206.436 Thread 0x000001f26886c800 DEOPT PACKING pc=0x000001f24d9291a9 sp=0x00000046d78f9c40
Event: 206.436 Thread 0x000001f26886c800 DEOPT UNPACKING pc=0x000001f24c6a72ce sp=0x00000046d78f9108 mode 0
Event: 206.526 Thread 0x000001f26f16c800 DEOPT PACKING pc=0x000001f24da87b0d sp=0x00000046dfafb470
Event: 206.526 Thread 0x000001f26f16c800 DEOPT UNPACKING pc=0x000001f24c6a72ce sp=0x00000046dfafa908 mode 0
Event: 206.958 Thread 0x000001f26886e000 Uncommon trap: trap_request=0xffffff4d fr.pc=0x000001f25461fcbc relative=0x000000000000075c
Event: 206.958 Thread 0x000001f26886e000 Uncommon trap: reason=unstable_if action=reinterpret pc=0x000001f25461fcbc method=com.esotericsoftware.kryo.io.Output.writeVarLong(JZ)I @ 55 c2
Event: 206.958 Thread 0x000001f26886e000 DEOPT PACKING pc=0x000001f25461fcbc sp=0x00000046d79fefc0
Event: 206.958 Thread 0x000001f26886e000 DEOPT UNPACKING pc=0x000001f24c6a74af sp=0x00000046d79fef90 mode 2
Event: 207.015 Thread 0x000001f26f16e000 DEOPT PACKING pc=0x000001f24de68913 sp=0x00000046dfcfb330
Event: 207.015 Thread 0x000001f26f16e000 DEOPT UNPACKING pc=0x000001f24c6a72ce sp=0x00000046dfcfa7c8 mode 0
Event: 207.016 Thread 0x000001f26f16e000 DEOPT PACKING pc=0x000001f24de6809f sp=0x00000046dfcfaf00
Event: 207.016 Thread 0x000001f26f16e000 DEOPT UNPACKING pc=0x000001f24c6a72ce sp=0x00000046dfcfa468 mode 0

Classes redefined (0 events):
No events

Internal exceptions (20 events):
Event: 40.746 Thread 0x000001f268878000 Exception <a 'sun/nio/fs/WindowsException'{0x00000000909acca0}> (0x00000000909acca0) thrown at [./src/hotspot/share/prims/jni.cpp, line 615]
Event: 41.155 Thread 0x000001f2663e1000 Implicit null exception at 0x000001f25493498a to 0x000001f254934dc8
Event: 75.957 Thread 0x000001f2663e1000 Exception <a 'sun/nio/fs/WindowsException'{0x00000000904ea260}> (0x00000000904ea260) thrown at [./src/hotspot/share/prims/jni.cpp, line 615]
Event: 76.575 Thread 0x000001f266e8f800 Exception <a 'sun/nio/fs/WindowsException'{0x000000008c64d970}> (0x000000008c64d970) thrown at [./src/hotspot/share/prims/jni.cpp, line 615]
Event: 76.575 Thread 0x000001f266e8f800 Exception <a 'sun/nio/fs/WindowsException'{0x000000008c64e858}> (0x000000008c64e858) thrown at [./src/hotspot/share/prims/jni.cpp, line 615]
Event: 76.576 Thread 0x000001f266e8f800 Exception <a 'sun/nio/fs/WindowsException'{0x000000008c6529c0}> (0x000000008c6529c0) thrown at [./src/hotspot/share/prims/jni.cpp, line 615]
Event: 76.576 Thread 0x000001f266e8f800 Exception <a 'sun/nio/fs/WindowsException'{0x000000008c6538e8}> (0x000000008c6538e8) thrown at [./src/hotspot/share/prims/jni.cpp, line 615]
Event: 76.576 Thread 0x000001f266e8f800 Exception <a 'sun/nio/fs/WindowsException'{0x000000008c655bc0}> (0x000000008c655bc0) thrown at [./src/hotspot/share/prims/jni.cpp, line 615]
Event: 76.576 Thread 0x000001f266e8f800 Exception <a 'sun/nio/fs/WindowsException'{0x000000008c656af8}> (0x000000008c656af8) thrown at [./src/hotspot/share/prims/jni.cpp, line 615]
Event: 76.692 Thread 0x000001f266e8f800 Exception <a 'sun/nio/fs/WindowsException'{0x000000009229b2c8}> (0x000000009229b2c8) thrown at [./src/hotspot/share/prims/jni.cpp, line 615]
Event: 76.692 Thread 0x000001f266e8f800 Exception <a 'sun/nio/fs/WindowsException'{0x000000009229bf38}> (0x000000009229bf38) thrown at [./src/hotspot/share/prims/jni.cpp, line 615]
Event: 206.424 Thread 0x000001f26886c800 Exception <a 'sun/nio/fs/WindowsException'{0x000000008c983b10}> (0x000000008c983b10) thrown at [./src/hotspot/share/prims/jni.cpp, line 615]
Event: 206.857 Thread 0x000001f26f16c800 Exception <a 'sun/nio/fs/WindowsException'{0x000000008ff7e1f0}> (0x000000008ff7e1f0) thrown at [./src/hotspot/share/prims/jni.cpp, line 615]
Event: 206.858 Thread 0x000001f26f16c800 Exception <a 'sun/nio/fs/WindowsException'{0x000000008ff7f0d8}> (0x000000008ff7f0d8) thrown at [./src/hotspot/share/prims/jni.cpp, line 615]
Event: 206.858 Thread 0x000001f26f16c800 Exception <a 'sun/nio/fs/WindowsException'{0x000000008ff83228}> (0x000000008ff83228) thrown at [./src/hotspot/share/prims/jni.cpp, line 615]
Event: 206.858 Thread 0x000001f26f16c800 Exception <a 'sun/nio/fs/WindowsException'{0x000000008ff84150}> (0x000000008ff84150) thrown at [./src/hotspot/share/prims/jni.cpp, line 615]
Event: 206.858 Thread 0x000001f26f16c800 Exception <a 'sun/nio/fs/WindowsException'{0x000000008ff86410}> (0x000000008ff86410) thrown at [./src/hotspot/share/prims/jni.cpp, line 615]
Event: 206.859 Thread 0x000001f26f16c800 Exception <a 'sun/nio/fs/WindowsException'{0x000000008ff87348}> (0x000000008ff87348) thrown at [./src/hotspot/share/prims/jni.cpp, line 615]
Event: 206.907 Thread 0x000001f26f16c800 Exception <a 'sun/nio/fs/WindowsException'{0x000000008f4949e0}> (0x000000008f4949e0) thrown at [./src/hotspot/share/prims/jni.cpp, line 615]
Event: 206.908 Thread 0x000001f26f16c800 Exception <a 'sun/nio/fs/WindowsException'{0x000000008f495650}> (0x000000008f495650) thrown at [./src/hotspot/share/prims/jni.cpp, line 615]

Events (20 events):
Event: 206.855 Executing VM operation: RevokeBias
Event: 206.856 Executing VM operation: RevokeBias done
Event: 206.947 Executing VM operation: RevokeBias
Event: 206.948 Executing VM operation: RevokeBias done
Event: 206.948 Executing VM operation: RevokeBias
Event: 206.948 Executing VM operation: RevokeBias done
Event: 206.948 Executing VM operation: RevokeBias
Event: 206.948 Executing VM operation: RevokeBias done
Event: 206.948 Executing VM operation: RevokeBias
Event: 206.948 Executing VM operation: RevokeBias done
Event: 206.948 Executing VM operation: RevokeBias
Event: 206.948 Executing VM operation: RevokeBias done
Event: 206.948 Executing VM operation: RevokeBias
Event: 206.948 Executing VM operation: RevokeBias done
Event: 206.956 Executing VM operation: RevokeBias
Event: 206.956 Executing VM operation: RevokeBias done
Event: 206.957 Executing VM operation: RevokeBias
Event: 206.957 Executing VM operation: RevokeBias done
Event: 206.984 Executing VM operation: RevokeBias
Event: 206.984 Executing VM operation: RevokeBias done


Dynamic libraries:
0x00007ff6d8680000 - 0x00007ff6d868a000 	C:\Program Files\Android\Android Studio\jre\bin\java.exe
0x00007fffd6450000 - 0x00007fffd6645000 	C:\WINDOWS\SYSTEM32\ntdll.dll
0x00007fffd5700000 - 0x00007fffd57bd000 	C:\WINDOWS\System32\KERNEL32.DLL
0x00007fffd3e50000 - 0x00007fffd4118000 	C:\WINDOWS\System32\KERNELBASE.dll
0x00007fffd4120000 - 0x00007fffd4220000 	C:\WINDOWS\System32\ucrtbase.dll
0x00007fffc1e40000 - 0x00007fffc1e59000 	C:\Program Files\Android\Android Studio\jre\bin\jli.dll
0x00007fffc1b30000 - 0x00007fffc1b47000 	C:\Program Files\Android\Android Studio\jre\bin\VCRUNTIME140.dll
0x00007fffd6190000 - 0x00007fffd6330000 	C:\WINDOWS\System32\USER32.dll
0x00007fffd3ca0000 - 0x00007fffd3cc2000 	C:\WINDOWS\System32\win32u.dll
0x00007fffd63e0000 - 0x00007fffd640a000 	C:\WINDOWS\System32\GDI32.dll
0x00007fffc4020000 - 0x00007fffc42ba000 	C:\WINDOWS\WinSxS\amd64_microsoft.windows.common-controls_6595b64144ccf1df_6.0.19041.844_none_ca00b6081b84eb1d\COMCTL32.dll
0x00007fffd3b90000 - 0x00007fffd3c9b000 	C:\WINDOWS\System32\gdi32full.dll
0x00007fffd5090000 - 0x00007fffd512e000 	C:\WINDOWS\System32\msvcrt.dll
0x00007fffd3d20000 - 0x00007fffd3dbd000 	C:\WINDOWS\System32\msvcp_win.dll
0x00007fffd4b10000 - 0x00007fffd4b40000 	C:\WINDOWS\System32\IMM32.DLL
0x00007fffb9990000 - 0x00007fffb9a2d000 	C:\Program Files\Android\Android Studio\jre\bin\msvcp140.dll
0x00007fff74e00000 - 0x00007fff758bc000 	C:\Program Files\Android\Android Studio\jre\bin\server\jvm.dll
0x00007fffd6330000 - 0x00007fffd63dc000 	C:\WINDOWS\System32\ADVAPI32.dll
0x00007fffd4a60000 - 0x00007fffd4afb000 	C:\WINDOWS\System32\sechost.dll
0x00007fffd58b0000 - 0x00007fffd59db000 	C:\WINDOWS\System32\RPCRT4.dll
0x00007fffd5330000 - 0x00007fffd5338000 	C:\WINDOWS\System32\PSAPI.DLL
0x00007fffc0a60000 - 0x00007fffc0a69000 	C:\WINDOWS\SYSTEM32\WSOCK32.dll
0x00007fffc63f0000 - 0x00007fffc6417000 	C:\WINDOWS\SYSTEM32\WINMM.dll
0x00007fffcd430000 - 0x00007fffcd43a000 	C:\WINDOWS\SYSTEM32\VERSION.dll
0x00007fffd5130000 - 0x00007fffd519b000 	C:\WINDOWS\System32\WS2_32.dll
0x00007fffd1b00000 - 0x00007fffd1b12000 	C:\WINDOWS\SYSTEM32\kernel.appcore.dll
0x00007fffc0830000 - 0x00007fffc0841000 	C:\Program Files\Android\Android Studio\jre\bin\verify.dll
0x00007fffc3cc0000 - 0x00007fffc3ea4000 	C:\WINDOWS\SYSTEM32\DBGHELP.DLL
0x00007fffc2360000 - 0x00007fffc238c000 	C:\WINDOWS\SYSTEM32\dbgcore.DLL
0x00007fffd4380000 - 0x00007fffd4400000 	C:\WINDOWS\System32\bcryptPrimitives.dll
0x00007fffc0800000 - 0x00007fffc0829000 	C:\Program Files\Android\Android Studio\jre\bin\java.dll
0x00007fffcf6d0000 - 0x00007fffcf6db000 	C:\Program Files\Android\Android Studio\jre\bin\jimage.dll
0x00007fffc07e0000 - 0x00007fffc07f8000 	C:\Program Files\Android\Android Studio\jre\bin\zip.dll
0x00007fffd59e0000 - 0x00007fffd6122000 	C:\WINDOWS\System32\SHELL32.dll
0x00007fffd1d00000 - 0x00007fffd2490000 	C:\WINDOWS\SYSTEM32\windows.storage.dll
0x00007fffd5340000 - 0x00007fffd5695000 	C:\WINDOWS\System32\combase.dll
0x00007fffd3530000 - 0x00007fffd355c000 	C:\WINDOWS\SYSTEM32\Wldp.dll
0x00007fffd4b40000 - 0x00007fffd4bee000 	C:\WINDOWS\System32\SHCORE.dll
0x00007fffd56a0000 - 0x00007fffd56f5000 	C:\WINDOWS\System32\shlwapi.dll
0x00007fffd3ad0000 - 0x00007fffd3aef000 	C:\WINDOWS\SYSTEM32\profapi.dll
0x00007fffb9880000 - 0x00007fffb989a000 	C:\Program Files\Android\Android Studio\jre\bin\net.dll
0x00007fffc6260000 - 0x00007fffc636b000 	C:\WINDOWS\SYSTEM32\WINHTTP.dll
0x00007fffd32a0000 - 0x00007fffd330a000 	C:\WINDOWS\system32\mswsock.dll
0x00007fffb8620000 - 0x00007fffb8634000 	C:\Program Files\Android\Android Studio\jre\bin\nio.dll
0x00007fffb0bd0000 - 0x00007fffb0bf7000 	C:\Users\Jared\.gradle\native\fdc75f09e3144964f2cf3f50f0aa648679c211496f362492102eb8c894070792\windows-amd64\native-platform.dll
0x00007fff741a0000 - 0x00007fff74336000 	C:\Users\Jared\.gradle\native\12488b8bf47d2d4c9fbf2f6322a914ad602e24e48041cd04a747c6da556b65c4\windows-amd64\native-platform-file-events.dll
0x00007fffcf680000 - 0x00007fffcf68a000 	C:\Program Files\Android\Android Studio\jre\bin\management.dll
0x00007fffcb410000 - 0x00007fffcb41c000 	C:\Program Files\Android\Android Studio\jre\bin\management_ext.dll
0x00007fffd3470000 - 0x00007fffd3488000 	C:\WINDOWS\SYSTEM32\CRYPTSP.dll
0x00007fffd2c40000 - 0x00007fffd2c74000 	C:\WINDOWS\system32\rsaenh.dll
0x00007fffd3dc0000 - 0x00007fffd3de7000 	C:\WINDOWS\System32\bcrypt.dll
0x00007fffd3a50000 - 0x00007fffd3a7e000 	C:\WINDOWS\SYSTEM32\USERENV.dll
0x00007fffd3490000 - 0x00007fffd349c000 	C:\WINDOWS\SYSTEM32\CRYPTBASE.dll
0x00007fffd2f90000 - 0x00007fffd2fcb000 	C:\WINDOWS\SYSTEM32\IPHLPAPI.DLL
0x00007fffd4b00000 - 0x00007fffd4b08000 	C:\WINDOWS\System32\NSI.dll
0x00007fffcc4c0000 - 0x00007fffcc4d7000 	C:\WINDOWS\SYSTEM32\dhcpcsvc6.DLL
0x00007fffcc590000 - 0x00007fffcc5ad000 	C:\WINDOWS\SYSTEM32\dhcpcsvc.DLL
0x00007fffd2fd0000 - 0x00007fffd309c000 	C:\WINDOWS\SYSTEM32\DNSAPI.dll
0x00007fffcce20000 - 0x00007fffcce2b000 	C:\WINDOWS\SYSTEM32\WINNSI.DLL

dbghelp: loaded successfully - version: 4.0.5 - missing functions: none
symbol engine: initialized successfully - sym options: 0x614 - pdb path: .;C:\Program Files\Android\Android Studio\jre\bin;C:\WINDOWS\SYSTEM32;C:\WINDOWS\WinSxS\amd64_microsoft.windows.common-controls_6595b64144ccf1df_6.0.19041.844_none_ca00b6081b84eb1d;C:\Program Files\Android\Android Studio\jre\bin\server;C:\Users\Jared\.gradle\native\fdc75f09e3144964f2cf3f50f0aa648679c211496f362492102eb8c894070792\windows-amd64;C:\Users\Jared\.gradle\native\12488b8bf47d2d4c9fbf2f6322a914ad602e24e48041cd04a747c6da556b65c4\windows-amd64

VM Arguments:
jvm_args: --add-opens=java.base/java.util=ALL-UNNAMED --add-opens=java.base/java.lang=ALL-UNNAMED --add-opens=java.base/java.lang.invoke=ALL-UNNAMED --add-opens=java.prefs/java.util.prefs=ALL-UNNAMED -Xmx2048m -Dfile.encoding=UTF-8 -Duser.country=US -Duser.language=en -Duser.variant 
java_command: org.gradle.launcher.daemon.bootstrap.GradleDaemon 6.7.1
java_class_path (initial): C:\Users\Jared\.gradle\wrapper\dists\gradle-6.7.1-bin\bwlcbys1h7rz3272sye1xwiv6\gradle-6.7.1\lib\gradle-launcher-6.7.1.jar
Launcher Type: SUN_STANDARD

[Global flags]
     intx CICompilerCount                          = 4                                         {product} {ergonomic}
     uint ConcGCThreads                            = 2                                         {product} {ergonomic}
     uint G1ConcRefinementThreads                  = 8                                         {product} {ergonomic}
   size_t G1HeapRegionSize                         = 1048576                                   {product} {ergonomic}
    uintx GCDrainStackTargetSize                   = 64                                        {product} {ergonomic}
   size_t InitialHeapSize                          = 134217728                                 {product} {ergonomic}
   size_t MarkStackSize                            = 4194304                                   {product} {ergonomic}
   size_t MaxHeapSize                              = 2147483648                                {product} {command line}
   size_t MaxNewSize                               = 1287651328                                {product} {ergonomic}
   size_t MinHeapDeltaBytes                        = 1048576                                   {product} {ergonomic}
    uintx NonNMethodCodeHeapSize                   = 5836300                                {pd product} {ergonomic}
    uintx NonProfiledCodeHeapSize                  = 122910970                              {pd product} {ergonomic}
    uintx ProfiledCodeHeapSize                     = 122910970                              {pd product} {ergonomic}
    uintx ReservedCodeCacheSize                    = 251658240                              {pd product} {ergonomic}
     bool SegmentedCodeCache                       = true                                      {product} {ergonomic}
     bool UseCompressedClassPointers               = true                                 {lp64_product} {ergonomic}
     bool UseCompressedOops                        = true                                 {lp64_product} {ergonomic}
     bool UseG1GC                                  = true                                      {product} {ergonomic}
     bool UseLargePagesIndividualAllocation        = false                                  {pd product} {ergonomic}

Logging:
Log output configuration:
 #0: stdout all=warning uptime,level,tags
 #1: stderr all=off uptime,level,tags

Environment Variables:
PATH=c:\Program Files (x86)\Intel\iCLS Client\;c:\Program Files\Intel\iCLS Client\;C:\WINDOWS\system32;C:\WINDOWS;C:\WINDOWS\System32\Wbem;C:\WINDOWS\System32\WindowsPowerShell\v1.0\;C:\Program Files\Intel\Intel(R) Management Engine Components\DAL;C:\Program Files\Intel\Intel(R) Management Engine Components\IPT;C:\Program Files (x86)\Intel\Intel(R) Management Engine Components\DAL;C:\Program Files (x86)\Intel\Intel(R) Management Engine Components\IPT;C:\Program Files (x86)\Windows Live\Shared;C:\Program Files (x86)\QuickTime\QTSystem\;C:\WINDOWS\System32\OpenSSH\;C:\Program Files\NVIDIA Corporation\NVIDIA NvDLISR;C:\Program Files (x86)\NVIDIA Corporation\PhysX\Common;C:\WINDOWS\system32;C:\WINDOWS;C:\WINDOWS\System32\Wbem;C:\WINDOWS\System32\WindowsPowerShell\v1.0\;C:\WINDOWS\System32\OpenSSH\;C:\Program Files\Git\cmd;C:\Users\Jared\AppData\Local\Microsoft\WindowsApps;
USERNAME=Jared
OS=Windows_NT
PROCESSOR_IDENTIFIER=Intel64 Family 6 Model 60 Stepping 3, GenuineIntel



---------------  S Y S T E M  ---------------

OS: Windows 10 , 64 bit Build 19041 (10.0.19041.928)
OS uptime: 4 days 7:03 hours

CPU:total 8 (initial active 8) (4 cores per cpu, 2 threads per core) family 6 model 60 stepping 3, cmov, cx8, fxsr, mmx, sse, sse2, sse3, ssse3, sse4.1, sse4.2, popcnt, avx, avx2, aes, clmul, erms, lzcnt, ht, tsc, tscinvbit, bmi1, bmi2, fma

Memory: 4k page, system-wide physical 8107M (657M free)
TotalPageFile size 12203M (AvailPageFile size 6M)
current process WorkingSet (physical memory assigned to process): 508M, peak: 656M
current process commit charge ("private bytes"): 643M, peak: 700M

vm_info: OpenJDK 64-Bit Server VM (11.0.8+10-b944.6842174) for windows-amd64 JRE (11.0.8+10-b944.6842174), built on Sep 19 2020 01:11:42 by "builder" with MS VC++ 14.0 (VS2015)

END.
