#
# There is insufficient memory for the Java Runtime Environment to continue.
# Native memory allocation (mmap) failed to map 134217728 bytes for Failed to commit area from 0x0000000081400000 to 0x0000000089400000 of length 134217728.
# Possible reasons:
#   The system is out of physical RAM or swap space
#   The process is running with CompressedOops enabled, and the Java Heap may be blocking the growth of the native heap
# Possible solutions:
#   Reduce memory load on the system
#   Increase physical memory or swap space
#   Check if swap backing store is full
#   Decrease Java heap size (-Xmx/-Xms)
#   Decrease number of Java threads
#   Decrease Java thread stack sizes (-Xss)
#   Set larger code cache with -XX:ReservedCodeCacheSize=
# This output file may be truncated or incomplete.
#
#  Out of Memory Error (./src/hotspot/os/windows/os_windows.cpp:3303), pid=23668, tid=21972
#
# JRE version:  (11.0.8+10) (build )
# Java VM: OpenJDK 64-Bit Server VM (11.0.8+10-b944.6842174, mixed mode, sharing, tiered, compressed oops, g1 gc, windows-amd64)
# No core dump will be written. Minidumps are not enabled by default on client versions of Windows
#

---------------  S U M M A R Y ------------

Command Line: -ea -Didea.test.cyclic.buffer.size=1048576 -javaagent:C:\Program Files\Android\Android Studio\lib\idea_rt.jar=54821:C:\Program Files\Android\Android Studio\bin -Dfile.encoding=UTF-8 com.intellij.rt.junit.JUnitStarter -ideVersion5 -junit4 com.example.dndv2.StoryMessageTests

Host: Intel(R) Core(TM) i7-4770 CPU @ 3.40GHz, 8 cores, 7G,  Windows 10 , 64 bit Build 19041 (10.0.19041.928)
Time: Sun May 30 16:24:27 2021 Pacific Daylight Time elapsed time: 0 seconds (0d 0h 0m 0s)

---------------  T H R E A D  ---------------

Current thread (0x0000027dd6734800):  JavaThread "Unknown thread" [_thread_in_vm, id=21972, stack(0x000000f340b00000,0x000000f340c00000)]

Stack: [0x000000f340b00000,0x000000f340c00000]
Native frames: (J=compiled Java code, j=interpreted, Vv=VM code, C=native code)
V  [jvm.dll+0x5de50a]
V  [jvm.dll+0x7122f5]
V  [jvm.dll+0x71384d]
V  [jvm.dll+0x713f03]
V  [jvm.dll+0x23e728]
V  [jvm.dll+0x5db9a4]
V  [jvm.dll+0x5d0ae5]
V  [jvm.dll+0x2fb20b]
V  [jvm.dll+0x2fb17a]
V  [jvm.dll+0x2fb052]
V  [jvm.dll+0x2fff16]
V  [jvm.dll+0x348743]
V  [jvm.dll+0x348e46]
V  [jvm.dll+0x348843]
V  [jvm.dll+0x2d5d68]
V  [jvm.dll+0x2d6f07]
V  [jvm.dll+0x6f11f7]
V  [jvm.dll+0x6f29ec]
V  [jvm.dll+0x355cb9]
V  [jvm.dll+0x6d4ade]
V  [jvm.dll+0x3bdfe3]
V  [jvm.dll+0x3c0201]
C  [jli.dll+0x5373]
C  [ucrtbase.dll+0x21bb2]
C  [KERNEL32.DLL+0x17034]
C  [ntdll.dll+0x52651]


---------------  P R O C E S S  ---------------

Threads class SMR info:
_java_thread_list=0x0000027dd4584f10, length=0, elements={
}

Java Threads: ( => current thread )

Other Threads:
  0x0000027dd674d800 GCTaskThread "GC Thread#0" [stack: 0x000000f340c00000,0x000000f340d00000] [id=24940]
  0x0000027dd677d000 ConcurrentGCThread "G1 Main Marker" [stack: 0x000000f340d00000,0x000000f340e00000] [id=4812]
  0x0000027dd677f800 ConcurrentGCThread "G1 Conc#0" [stack: 0x000000f340e00000,0x000000f340f00000] [id=8892]

[error occurred during error reporting (printing all threads), id 0xc0000005, EXCEPTION_ACCESS_VIOLATION (0xc0000005) at pc=0x00007fff750e6357]

VM state:not at safepoint (not fully initialized)

VM Mutex/Monitor currently owned by a thread:  ([mutex/lock_event])
[0x0000027dd6730dc0] Heap_lock - owner thread: 0x0000027dd6734800

Heap address: 0x0000000081400000, size: 2028 MB, Compressed Oops mode: Non-zero based: 0x0000000081400000
Narrow klass base: 0x0000000000000000, Narrow klass shift: 0

GC Heap History (0 events):
No events

Deoptimization events (0 events):
No events

Classes redefined (0 events):
No events

Internal exceptions (0 events):
No events

Events (1 events):
Event: 0.009 Loaded shared library C:\Program Files\Android\Android Studio\jre\bin\zip.dll


Dynamic libraries:
0x00007ff6d8680000 - 0x00007ff6d868a000 	C:\Program Files\Android\Android Studio\jre\bin\java.exe
0x00007fffd6450000 - 0x00007fffd6645000 	C:\WINDOWS\SYSTEM32\ntdll.dll
0x00007fffd5700000 - 0x00007fffd57bd000 	C:\WINDOWS\System32\KERNEL32.DLL
0x00007fffd3e50000 - 0x00007fffd4118000 	C:\WINDOWS\System32\KERNELBASE.dll
0x00007fffd4120000 - 0x00007fffd4220000 	C:\WINDOWS\System32\ucrtbase.dll
0x00007fffc07b0000 - 0x00007fffc07c7000 	C:\Program Files\Android\Android Studio\jre\bin\VCRUNTIME140.dll
0x00007fffc1e40000 - 0x00007fffc1e59000 	C:\Program Files\Android\Android Studio\jre\bin\jli.dll
0x00007fffd6190000 - 0x00007fffd6330000 	C:\WINDOWS\System32\USER32.dll
0x00007fffd3ca0000 - 0x00007fffd3cc2000 	C:\WINDOWS\System32\win32u.dll
0x00007fffc4020000 - 0x00007fffc42ba000 	C:\WINDOWS\WinSxS\amd64_microsoft.windows.common-controls_6595b64144ccf1df_6.0.19041.844_none_ca00b6081b84eb1d\COMCTL32.dll
0x00007fffd63e0000 - 0x00007fffd640a000 	C:\WINDOWS\System32\GDI32.dll
0x00007fffd5090000 - 0x00007fffd512e000 	C:\WINDOWS\System32\msvcrt.dll
0x00007fffd3b90000 - 0x00007fffd3c9b000 	C:\WINDOWS\System32\gdi32full.dll
0x00007fffd3d20000 - 0x00007fffd3dbd000 	C:\WINDOWS\System32\msvcp_win.dll
0x00007fffd4b10000 - 0x00007fffd4b40000 	C:\WINDOWS\System32\IMM32.DLL
0x00007fffb7ec0000 - 0x00007fffb7f5d000 	C:\Program Files\Android\Android Studio\jre\bin\msvcp140.dll
0x00007fff74e00000 - 0x00007fff758bc000 	C:\Program Files\Android\Android Studio\jre\bin\server\jvm.dll
0x00007fffd6330000 - 0x00007fffd63dc000 	C:\WINDOWS\System32\ADVAPI32.dll
0x00007fffd4a60000 - 0x00007fffd4afb000 	C:\WINDOWS\System32\sechost.dll
0x00007fffd58b0000 - 0x00007fffd59db000 	C:\WINDOWS\System32\RPCRT4.dll
0x00007fffc0a60000 - 0x00007fffc0a69000 	C:\WINDOWS\SYSTEM32\WSOCK32.dll
0x00007fffc63f0000 - 0x00007fffc6417000 	C:\WINDOWS\SYSTEM32\WINMM.dll
0x00007fffcd430000 - 0x00007fffcd43a000 	C:\WINDOWS\SYSTEM32\VERSION.dll
0x00007fffd5130000 - 0x00007fffd519b000 	C:\WINDOWS\System32\WS2_32.dll
0x00007fffd5330000 - 0x00007fffd5338000 	C:\WINDOWS\System32\PSAPI.DLL
0x00007fffd1b00000 - 0x00007fffd1b12000 	C:\WINDOWS\SYSTEM32\kernel.appcore.dll
0x00007fffc0830000 - 0x00007fffc0841000 	C:\Program Files\Android\Android Studio\jre\bin\verify.dll
0x00007fffc3cc0000 - 0x00007fffc3ea4000 	C:\WINDOWS\SYSTEM32\DBGHELP.DLL
0x00007fffc2360000 - 0x00007fffc238c000 	C:\WINDOWS\SYSTEM32\dbgcore.DLL
0x00007fffd4380000 - 0x00007fffd4400000 	C:\WINDOWS\System32\bcryptPrimitives.dll
0x00007fffc0800000 - 0x00007fffc0829000 	C:\Program Files\Android\Android Studio\jre\bin\java.dll
0x00007fffcf6d0000 - 0x00007fffcf6db000 	C:\Program Files\Android\Android Studio\jre\bin\jimage.dll
0x00007fffc1b40000 - 0x00007fffc1b4f000 	C:\Program Files\Android\Android Studio\jre\bin\instrument.dll
0x00007fffc07e0000 - 0x00007fffc07f8000 	C:\Program Files\Android\Android Studio\jre\bin\zip.dll

dbghelp: loaded successfully - version: 4.0.5 - missing functions: none
symbol engine: initialized successfully - sym options: 0x614 - pdb path: .;C:\Program Files\Android\Android Studio\jre\bin;C:\WINDOWS\SYSTEM32;C:\WINDOWS\WinSxS\amd64_microsoft.windows.common-controls_6595b64144ccf1df_6.0.19041.844_none_ca00b6081b84eb1d;C:\Program Files\Android\Android Studio\jre\bin\server

VM Arguments:
jvm_args: -ea -Didea.test.cyclic.buffer.size=1048576 -javaagent:C:\Program Files\Android\Android Studio\lib\idea_rt.jar=54821:C:\Program Files\Android\Android Studio\bin -Dfile.encoding=UTF-8 
java_command: com.intellij.rt.junit.JUnitStarter -ideVersion5 -junit4 com.example.dndv2.StoryMessageTests
java_class_path (initial): C:\Program Files\Android\Android Studio\lib\idea_rt.jar;C:\Program Files\Android\Android Studio\plugins\junit\lib\junit5-rt.jar;C:\Program Files\Android\Android Studio\plugins\junit\lib\junit-rt.jar;C:\Users\Jared\AppData\Local\Android\Sdk\platforms\android-29\data\res;C:\Users\Jared\AndroidStudioProjects\dndv2\app\build\intermediates\javac\debugUnitTest\classes;C:\Users\Jared\AndroidStudioProjects\dndv2\app\build\intermediates\javac\debug\classes;C:\Users\Jared\AndroidStudioProjects\dndv2\app\build\intermediates\compile_and_runtime_not_namespaced_r_class_jar\debug\R.jar;C:\Users\Jared\AndroidStudioProjects\dndv2\app\build\generated\res\google-services\debug;C:\Users\Jared\AndroidStudioProjects\dndv2\app\build\generated\res\resValues\debug;C:\Users\Jared\.gradle\caches\modules-2\files-2.1\junit\junit\4.13.2\8ac9e16d933b6fb43bc7f576336b8f4d7eb5ba12\junit-4.13.2.jar;C:\Users\Jared\.gradle\caches\modules-2\files-2.1\org.hamcrest\hamcrest-core\1.3\42a25dc3219429f0e5d060061f71acb49bf010a0\hamcrest-core-1.3.jar;C:\Users\Jared\.gradle\caches\transforms-2\files-2.1\3fd20939e3d17e373dfc5c61952e0c76\jetified-junit-1.1.2\AndroidManifest.xml;C:\Users\Jared\.gradle\caches\transforms-2\files-2.1\4ae346f1defd61c1782c8fb94894c92a\espresso-core-3.3.0\AndroidManifest.xml;C:\Users\Jared\.gradle\caches\transforms-2\files-2.1\a8910ae6181d355bfe93b7219507dd07\runner-1.3.0\AndroidManifest.xml;C:\Users\Jared\.gradle\caches\transforms-2\files-2.1\0261cf54c15ecc5ada85ec56193d22d7\jetified-core-1.3.0\AndroidManifest.xml;C:\Users\Jared\.gradle\caches\transforms-2\files-2.1\5162cfc434ae2eb1707b5e3fc95d380c\monitor-1.3.0\AndroidManifest.xml;C:\Users\Jared\.gradle\caches\transforms-2\files-2.1\f94d45baca2fc50e810d84559b18c634\espresso-idling-resource-3.3.0\AndroidManifest.xml;C:\Users\Jared\.gradle\caches\modules-2\files-2.1\androidx.collection\collection\1.1.0\1f27220b47669781457de0d600849a5de0e89909\collection-1.1.0.jar;C:\Users\Jared\.gradle\caches\modules-2\files-
Launcher Type: SUN_STANDARD

[Global flags]
     intx CICompilerCount                          = 4                                         {product} {ergonomic}
     uint ConcGCThreads                            = 2                                         {product} {ergonomic}
     uint G1ConcRefinementThreads                  = 8                                         {product} {ergonomic}
   size_t G1HeapRegionSize                         = 1048576                                   {product} {ergonomic}
    uintx GCDrainStackTargetSize                   = 64                                        {product} {ergonomic}
   size_t InitialHeapSize                          = 134217728                                 {product} {ergonomic}
   size_t MarkStackSize                            = 4194304                                   {product} {ergonomic}
   size_t MaxHeapSize                              = 2126512128                                {product} {ergonomic}
   size_t MinHeapDeltaBytes                        = 1048576                                   {product} {ergonomic}
    uintx NonNMethodCodeHeapSize                   = 5836300                                {pd product} {ergonomic}
    uintx NonProfiledCodeHeapSize                  = 122910970                              {pd product} {ergonomic}
    uintx ProfiledCodeHeapSize                     = 122910970                              {pd product} {ergonomic}
    uintx ReservedCodeCacheSize                    = 251658240                              {pd product} {ergonomic}
     bool SegmentedCodeCache                       = true                                      {product} {ergonomic}
     bool UseCompressedClassPointers               = true                                 {lp64_product} {ergonomic}
     bool UseCompressedOops                        = true                                 {lp64_product} {ergonomic}
     bool UseG1GC                                  = true                                      {product} {ergonomic}
     bool UseLargePagesIndividualAllocation        = false                                  {pd product} {ergonomic}

Logging:
Log output configuration:
 #0: stdout all=warning uptime,level,tags
 #1: stderr all=off uptime,level,tags

Environment Variables:
PATH=c:\Program Files (x86)\Intel\iCLS Client\;c:\Program Files\Intel\iCLS Client\;C:\WINDOWS\system32;C:\WINDOWS;C:\WINDOWS\System32\Wbem;C:\WINDOWS\System32\WindowsPowerShell\v1.0\;C:\Program Files\Intel\Intel(R) Management Engine Components\DAL;C:\Program Files\Intel\Intel(R) Management Engine Components\IPT;C:\Program Files (x86)\Intel\Intel(R) Management Engine Components\DAL;C:\Program Files (x86)\Intel\Intel(R) Management Engine Components\IPT;C:\Program Files (x86)\Windows Live\Shared;C:\Program Files (x86)\QuickTime\QTSystem\;C:\WINDOWS\System32\OpenSSH\;C:\Program Files\NVIDIA Corporation\NVIDIA NvDLISR;C:\Program Files (x86)\NVIDIA Corporation\PhysX\Common;C:\WINDOWS\system32;C:\WINDOWS;C:\WINDOWS\System32\Wbem;C:\WINDOWS\System32\WindowsPowerShell\v1.0\;C:\WINDOWS\System32\OpenSSH\;C:\Program Files\Git\cmd;C:\Users\Jared\AppData\Local\Microsoft\WindowsApps;
USERNAME=Jared
OS=Windows_NT
PROCESSOR_IDENTIFIER=Intel64 Family 6 Model 60 Stepping 3, GenuineIntel



---------------  S Y S T E M  ---------------

OS: Windows 10 , 64 bit Build 19041 (10.0.19041.928)
OS uptime: 4 days 6:59 hours

CPU:total 8 (initial active 8) (4 cores per cpu, 2 threads per core) family 6 model 60 stepping 3, cmov, cx8, fxsr, mmx, sse, sse2, sse3, ssse3, sse4.1, sse4.2, popcnt, avx, avx2, aes, clmul, erms, lzcnt, ht, tsc, tscinvbit, bmi1, bmi2, fma

Memory: 4k page, system-wide physical 8107M (1340M free)
TotalPageFile size 12203M (AvailPageFile size 62M)
current process WorkingSet (physical memory assigned to process): 10M, peak: 10M
current process commit charge ("private bytes"): 60M, peak: 187M

vm_info: OpenJDK 64-Bit Server VM (11.0.8+10-b944.6842174) for windows-amd64 JRE (11.0.8+10-b944.6842174), built on Sep 19 2020 01:11:42 by "builder" with MS VC++ 14.0 (VS2015)

END.
